2025-12-05 09:33:18.543: [INFO] VisibilityChanged: 0
2025-12-05 09:33:18.572: [INFO] RecordSyncInitDuration has_sync_been_enabled: 0 state: 0
2025-12-05 09:33:18.573: [INFO] RecordSyncInitDuration has_sync_been_enabled: 0 state: 0
2025-12-05 09:33:18.573: [INFO] RecordSyncInitDuration has_sync_been_enabled: 0 state: 0
2025-12-05 09:33:18.574: [INFO] RecordSyncInitDuration has_sync_been_enabled: 0 state: 0
2025-12-05 09:33:18.574: [INFO] RecordSyncInitDuration has_sync_been_enabled: 0 state: 0
2025-12-05 09:33:18.575: [INFO] RecordSyncInitDuration has_sync_been_enabled: 0 state: 0
2025-12-05 09:33:18.575: [INFO] RecordSyncInitDuration has_sync_been_enabled: 0 state: 0
2025-12-05 09:33:18.576: [INFO] RecordSyncInitDuration has_sync_been_enabled: 0 state: 0
2025-12-05 09:33:18.576: [INFO] RecordSyncInitDuration has_sync_been_enabled: 0 state: 0
2025-12-05 09:33:18.577: [INFO] RecordSyncInitDuration has_sync_been_enabled: 0 state: 0
2025-12-05 09:33:18.578: [INFO] RecordSyncInitDuration has_sync_been_enabled: 0 state: 0
2025-12-05 09:33:18.586: [INFO] BookmarkModelLoaded, ids_reassigned: 0
2025-12-05 09:33:18.586: [INFO] OnDoneLoading sync enabled: 0
2025-12-05 09:33:18.815: [INFO] RecordSyncInitDuration has_sync_been_enabled: 0 state: 0
2025-12-05 09:33:19.783: [INFO] RecordSyncInitDuration has_sync_been_enabled: 0 state: 3
2025-12-05 09:33:19.787: [INFO] Primary account changed.
2025-12-05 09:33:19.787: [INFO] OnPrimaryAccountChanged PrimaryAccountChangeEvent::Type::kSet
2025-12-05 09:33:19.791: [INFO] RecordSyncInitDuration has_sync_been_enabled: 0 state: 3
2025-12-05 09:33:22.520: [INFO] BookmarkNodeAdded, ABU: 0
2025-12-05 09:33:22.520: [INFO] BookmarkNodeAdded, ABU: 0
2025-12-05 09:33:22.520: [INFO] BookmarkNodeAdded, ABU: 0
2025-12-05 09:33:22.520: [INFO] BookmarkNodeAdded, ABU: 0
2025-12-05 09:33:22.520: [INFO] BookmarkNodeAdded, ABU: 0
2025-12-05 09:33:22.521: [INFO] BookmarkNodeAdded, ABU: 0
2025-12-05 09:33:22.521: [INFO] BookmarkNodeAdded, ABU: 0
2025-12-05 09:33:22.521: [INFO] BookmarkNodeAdded, ABU: 0
2025-12-05 09:33:22.521: [INFO] BookmarkNodeAdded, ABU: 0
2025-12-05 09:33:22.521: [INFO] BookmarkNodeAdded, ABU: 0
2025-12-05 09:33:22.521: [INFO] BookmarkNodeAdded, ABU: 0
2025-12-05 09:33:22.521: [INFO] BookmarkNodeAdded, ABU: 0
2025-12-05 09:33:22.521: [INFO] BookmarkNodeAdded, ABU: 0
2025-12-05 09:33:22.880: [INFO] Sync initialization duration: 2857ms
2025-12-09 09:41:53.909: [INFO] VisibilityChanged: 0
2025-12-09 09:41:53.964: [INFO] BookmarkModelLoaded, ids_reassigned: 0
2025-12-09 09:41:53.964: [INFO] OnDoneLoading sync enabled: 1
2025-12-09 09:42:05.691: [INFO] Sync initialization duration: 1389ms
2025-12-11 11:03:12.196: [INFO] VisibilityChanged: 0
2025-12-11 11:03:12.243: [INFO] BookmarkModelLoaded, ids_reassigned: 0
2025-12-11 11:03:12.243: [INFO] OnDoneLoading sync enabled: 1
2025-12-11 11:03:24.213: [INFO] Sync initialization duration: 1087ms
2025-12-11 13:37:44.118: [INFO] VisibilityChanged: 0
2025-12-11 13:37:44.168: [INFO] BookmarkModelLoaded, ids_reassigned: 0
2025-12-11 13:37:44.168: [INFO] OnDoneLoading sync enabled: 1
2025-12-11 13:37:54.774: [INFO] Sync initialization duration: 1083ms
2025-12-11 14:56:41.806: [INFO] VisibilityChanged: 0
2025-12-11 14:56:41.858: [INFO] BookmarkModelLoaded, ids_reassigned: 0
2025-12-11 14:56:41.858: [INFO] OnDoneLoading sync enabled: 1
2025-12-11 14:56:53.217: [INFO] Sync initialization duration: 1390ms
2025-12-14 10:24:49.283: [INFO] VisibilityChanged: 0
2025-12-14 10:24:49.339: [INFO] BookmarkModelLoaded, ids_reassigned: 0
2025-12-14 10:24:49.339: [INFO] OnDoneLoading sync enabled: 1
2025-12-14 10:28:37.287: [INFO] VisibilityChanged: 0
2025-12-14 10:28:37.337: [INFO] BookmarkModelLoaded, ids_reassigned: 0
2025-12-14 10:28:37.337: [INFO] OnDoneLoading sync enabled: 1
2025-12-14 10:28:47.172: [INFO] Sync initialization duration: 921ms
2026-01-16 14:26:12.301: [INFO] VisibilityChanged: 0
2026-01-16 14:26:12.356: [INFO] BookmarkModelLoaded, ids_reassigned: 0
2026-01-16 14:26:12.356: [INFO] OnDoneLoading sync enabled: 1
2026-01-16 14:26:25.109: [INFO] Sync initialization duration: 2379ms
2026-01-16 14:42:17.414: [INFO] VisibilityChanged: 0
2026-01-16 14:42:17.463: [INFO] BookmarkModelLoaded, ids_reassigned: 0
2026-01-16 14:42:17.463: [INFO] OnDoneLoading sync enabled: 1
2026-01-16 14:42:27.401: [INFO] Sync initialization duration: 1042ms
2026-01-16 14:46:39.603: [INFO] VisibilityChanged: 0
2026-01-16 14:46:39.650: [INFO] BookmarkModelLoaded, ids_reassigned: 0
2026-01-16 14:46:39.650: [INFO] OnDoneLoading sync enabled: 1
2026-01-16 14:46:49.612: [INFO] Sync initialization duration: 968ms
2026-01-16 14:51:41.826: [INFO] VisibilityChanged: 0
2026-01-16 14:51:41.875: [INFO] BookmarkModelLoaded, ids_reassigned: 0
2026-01-16 14:51:41.875: [INFO] OnDoneLoading sync enabled: 1
2026-01-16 14:51:51.813: [INFO] Sync initialization duration: 770ms
2026-01-18 18:00:38.758: [INFO] VisibilityChanged: 0
2026-01-18 18:00:38.810: [INFO] BookmarkModelLoaded, ids_reassigned: 0
2026-01-18 18:00:38.810: [INFO] OnDoneLoading sync enabled: 1
2026-01-18 18:00:50.489: [INFO] Sync initialization duration: 1354ms
2026-01-18 18:15:33.808: [INFO] VisibilityChanged: 1
2026-01-18 18:15:38.263: [INFO] VisibilityChanged: 0
2026-01-18 20:32:49.896: [INFO] VisibilityChanged: 0
2026-01-18 20:32:49.939: [INFO] BookmarkModelLoaded, ids_reassigned: 0
2026-01-18 20:32:49.939: [INFO] OnDoneLoading sync enabled: 1
2026-01-18 20:32:52.093: [INFO] Sync initialization duration: 1168ms
