{"logTime": "1031/043210", "correlationVector":"BfFTg9kWrC/8mRYvzzmZja.1","action":"SyncServerConnectionManagerRequest", "result":"SYNC_SERVER_OK", "context":{"environment":"Prod_westus_prod-s01-081-nam-westus", "migrationStage":"NotStarted", "server":"akswtt01600008w"}}
{"logTime": "1031/043210", "correlationVector":"BfFTg9kWrC/8mRYvzzmZja.2","action":"ProcessGetUpdates", "result":"Done", "context":{"dataType":"Encryption Keys", "deleted":"0", "process_failed_to_decrypt":"0", "process_pending_decryption":"0", "process_success":"1", "total":"1"}}
{"logTime": "1031/043210", "correlationVector":"u2w5lF9b6D0aiPZt5YjdTm","action":"SyncServerConnectionManagerRequest", "result":"SYNC_SERVER_OK", "context":{"environment":"", "migrationStage":"", "server":""}}
{"logTime": "1031/043210", "correlationVector":"u2w5lF9b6D0aiPZt5YjdTm.0","action":"EncryptionKeysFetcher.DownloadKeys:", "result":"Success", "context":Key count: 10, Last key timestamp: 2025-08-21T05:19:39Z}
{"logTime": "1031/043210", "correlationVector":"u2w5lF9b6D0aiPZt5YjdTm.1","action":"EncryptionKeysManager::SetEncryptionKeys:", "result":"Success", "context":Key names[10]:[8KbinoMZFC/4qEsxw/R8BXmhHjLs2244HrSv063z+fBeF+Iq6o5PdUyPtHbtwprqTTnZQdGH+mFEwu6aYdNoLg==][0tSGOTU/zUzoF7w4g8bnFrksp4FNCv8VPxcKakj/nQn/N7+DDA2vVZmoGP54fMifZWsQPQqrI9cHR0IwWw/LIg==][p0P6Dy4XscP4z7IF+tOB5Rvymxn7PMksuVgbtRbJvGlFQ4MRn0DI8Z9PpDLGvJ15pFV9iqlR0tGGJoj5sSj5Yw==][mrr8PIGz765nc1Bd2og/XR6qSA2PuFyASD1KaOIi0h48jHaDHYUckLxUrRZjeRH/feMEpQMH4uabRtpc+tEGoA==][4RDKoxhkziFQAKXkOJLI4iyOUnxtDIriJks19X59NjVySqGLQTzW+tGM3tT1VWog3oWvIuCRgzGCD0rbweIuAg==][6XYL+SLQ0Aq/HQIRnRiKmSFcy3YVTmwewiEYM9grnJc36q/mf+nmlTVWPncE19GhWBAwaY7uEjJORcI+t43UuQ==][fQovNv2Jb76/5AmAEhtNWJV34/5qOJcuRWkodUD24L+7fRGImWoEXh5w/TOyDO2hc0wBwHgUElp5WsQ+FEy8nA==][9f7kP7hceqsTlzXbHniHaexe6jSYSaczd2VKD8awawlUtVdJ695yNW+ugBOnTJ48i2/YGjegVhquMQcHLOhP2Q==][otHGUl1CrBgvoNTseA+7Vlng/6zSI3WNIsPxszwn1H2Yhb2tFbvtA5ek8OGteXbFZq0YRg51aGfVvia2zdJ+sg==][9aJfrmbspHJal5Ma9IhzVLaXrB1ofPk/nP18xkwC3hy/CSpz6QVIaG9lZF+SOr0VmsavwUyqsDWPOzpkJt7xKA==]}
{"logTime": "1031/043210", "correlationVector":"u2w5lF9b6D0aiPZt5YjdTm.2","action":"EncryptionKeysManager::SetEncryptionKeysWithTimestamps:", "result":"Success", "context":Key timestamps[10]:[2021-01-28T21:33:06Z][2021-08-02T15:19:52Z][2022-01-30T20:19:03Z][2022-07-31T03:44:57Z][2023-02-05T23:38:19Z][2023-08-05T02:07:35Z][2024-02-11T21:12:45Z][2024-08-10T23:46:03Z][2025-02-18T22:01:56Z][2025-08-21T05:19:39Z]}
{"logTime": "1031/043210", "correlationVector":"BfFTg9kWrC/8mRYvzzmZja","action":"Initial GetUpdates", "result":"", "context":Reason: NEW_CLIENT. cV=BfFTg9kWrC/8mRYvzzmZja}
{"logTime": "1031/043210", "correlationVector":"BfFTg9kWrC/8mRYvzzmZja.3","action":"GetUpdates Response", "result":"Success", "context":Received 1 update(s). cV=BfFTg9kWrC/8mRYvzzmZja.0;server=akswtt01600008w;cloudType=Consumer;environment=Prod_westus_prod-s01-081-nam-westus;migrationStage=NotStarted}
{"logTime": "1031/043210", "correlationVector":"NgLGhSm4YP/lRaTAlM/l43","action":"Initial GetUpdates", "result":"", "context":Reason: NEWLY_SUPPORTED_DATATYPE. cV=NgLGhSm4YP/lRaTAlM/l43}
{"logTime": "1031/043211", "correlationVector":"NgLGhSm4YP/lRaTAlM/l43.1","action":"SyncServerConnectionManagerRequest", "result":"SYNC_SERVER_OK", "context":{"environment":"Prod_westus_prod-s01-081-nam-westus", "migrationStage":"NotStarted", "server":"akswtt016000076"}}
{"logTime": "1031/043211", "correlationVector":"NgLGhSm4YP/lRaTAlM/l43.2","action":"ProcessGetUpdates", "result":"Done", "context":{"dataType":"Preferences", "deleted":"0", "process_failed_to_decrypt":"0", "process_pending_decryption":"0", "process_success":"91", "total":"91"}}
{"logTime": "1031/043211", "correlationVector":"NgLGhSm4YP/lRaTAlM/l43.3","action":"ProcessGetUpdates", "result":"Done", "context":{"dataType":"Passwords", "deleted":"0", "process_failed_to_decrypt":"0", "process_pending_decryption":"0", "process_success":"31", "total":"31"}}
{"logTime": "1031/043211", "correlationVector":"NgLGhSm4YP/lRaTAlM/l43.4","action":"ProcessGetUpdates", "result":"Done", "context":{"dataType":"Device Info", "deleted":"0", "process_failed_to_decrypt":"0", "process_pending_decryption":"0", "process_success":"6", "total":"6"}}
{"logTime": "1031/043211", "correlationVector":"NgLGhSm4YP/lRaTAlM/l43.5","action":"GetUpdates Response", "result":"Success", "context":Received 128 update(s). cV=NgLGhSm4YP/lRaTAlM/l43.0;server=akswtt016000076;cloudType=Consumer;environment=Prod_westus_prod-s01-081-nam-westus;migrationStage=NotStarted}
{"logTime": "1031/043211", "correlationVector":"EyFTmYo9MMZv6f0gT4RhTQ","action":"Initial GetUpdates", "result":"", "context":Reason: NEWLY_SUPPORTED_DATATYPE. cV=EyFTmYo9MMZv6f0gT4RhTQ}
{"logTime": "1031/043211", "correlationVector":"EyFTmYo9MMZv6f0gT4RhTQ.1","action":"SyncServerConnectionManagerRequest", "result":"SYNC_SERVER_OK", "context":{"environment":"Prod_westus_prod-s01-081-nam-westus", "migrationStage":"NotStarted", "server":"akswtt01600007e"}}
{"logTime": "1031/043211", "correlationVector":"EyFTmYo9MMZv6f0gT4RhTQ.2","action":"ProcessGetUpdates", "result":"Done", "context":{"dataType":"Bookmarks", "deleted":"0", "process_failed_to_decrypt":"0", "process_pending_decryption":"0", "process_success":"19", "total":"19"}}
{"logTime": "1031/043211", "correlationVector":"EyFTmYo9MMZv6f0gT4RhTQ.3","action":"GetUpdates Response", "result":"Success", "context":Received 19 update(s). cV=EyFTmYo9MMZv6f0gT4RhTQ.0;server=akswtt01600007e;cloudType=Consumer;environment=Prod_westus_prod-s01-081-nam-westus;migrationStage=NotStarted}
{"logTime": "1031/043211", "correlationVector":"JZpTsZSBvsWiPd+404zK4q","action":"Initial GetUpdates", "result":"", "context":Reason: NEWLY_SUPPORTED_DATATYPE. cV=JZpTsZSBvsWiPd+404zK4q}
{"logTime": "1031/043211", "correlationVector":"JZpTsZSBvsWiPd+404zK4q.1","action":"SyncServerConnectionManagerRequest", "result":"SYNC_SERVER_OK", "context":{"environment":"Prod_westus_prod-s01-081-nam-westus", "migrationStage":"NotStarted", "server":"akswtt016000071"}}
{"logTime": "1031/043211", "correlationVector":"JZpTsZSBvsWiPd+404zK4q.2","action":"ProcessGetUpdates", "result":"Done", "context":{"dataType":"Autofill Profiles", "deleted":"1", "process_failed_to_decrypt":"0", "process_pending_decryption":"0", "process_success":"6", "total":"6"}}
{"logTime": "1031/043211", "correlationVector":"JZpTsZSBvsWiPd+404zK4q.3","action":"ProcessGetUpdates", "result":"Done", "context":{"dataType":"Autofill", "deleted":"0", "process_failed_to_decrypt":"0", "process_pending_decryption":"0", "process_success":"22", "total":"22"}}
{"logTime": "1031/043211", "correlationVector":"JZpTsZSBvsWiPd+404zK4q.4","action":"ProcessGetUpdates", "result":"Done", "context":{"dataType":"Extensions", "deleted":"0", "process_failed_to_decrypt":"0", "process_pending_decryption":"0", "process_success":"1", "total":"1"}}
{"logTime": "1031/043211", "correlationVector":"JZpTsZSBvsWiPd+404zK4q.5","action":"ProcessGetUpdates", "result":"Done", "context":{"dataType":"Sessions", "deleted":"44", "process_failed_to_decrypt":"0", "process_pending_decryption":"0", "process_success":"46", "total":"46"}}
{"logTime": "1031/043211", "correlationVector":"JZpTsZSBvsWiPd+404zK4q.6","action":"ProcessGetUpdates", "result":"Done", "context":{"dataType":"Edge Hub App Usage", "deleted":"4", "process_failed_to_decrypt":"0", "process_pending_decryption":"0", "process_success":"6", "total":"6"}}
{"logTime": "1031/043211", "correlationVector":"JZpTsZSBvsWiPd+404zK4q.7","action":"GetUpdates Response", "result":"Success", "context":Received 81 update(s). cV=JZpTsZSBvsWiPd+404zK4q.0;server=akswtt016000071;cloudType=Consumer;environment=Prod_westus_prod-s01-081-nam-westus;migrationStage=NotStarted}
{"logTime": "1031/043211", "correlationVector":"dce8ze+GgHI5bzhs9msuDm","action":"Initial GetUpdates", "result":"", "context":Reason: NEWLY_SUPPORTED_DATATYPE. cV=dce8ze+GgHI5bzhs9msuDm}
{"logTime": "1031/043211", "correlationVector":"dce8ze+GgHI5bzhs9msuDm.1","action":"SyncServerConnectionManagerRequest", "result":"SYNC_SERVER_OK", "context":{"environment":"Prod_westus_prod-s01-081-nam-westus", "migrationStage":"NotStarted", "server":"akswtt016000076"}}
{"logTime": "1031/043211", "correlationVector":"dce8ze+GgHI5bzhs9msuDm.2","action":"ProcessGetUpdates", "result":"Done", "context":{"dataType":"History", "deleted":"0", "process_failed_to_decrypt":"0", "process_pending_decryption":"0", "process_success":"76", "total":"76"}}
{"logTime": "1031/043211", "correlationVector":"dce8ze+GgHI5bzhs9msuDm.3","action":"GetUpdates Response", "result":"Success", "context":Received 76 update(s). cV=dce8ze+GgHI5bzhs9msuDm.0;server=akswtt016000076;cloudType=Consumer;environment=Prod_westus_prod-s01-081-nam-westus;migrationStage=NotStarted}
{"logTime": "1031/043211", "correlationVector":"+Prhk5196z8eBbWE/toEeb","action":"Normal GetUpdate request", "result":"", "context":cV=+Prhk5196z8eBbWE/toEeb
Nudged types: Sessions, Device Info, User Consents
Refresh requested types: Bookmarks, Preferences, Passwords, Autofill Profiles, Autofill, Extensions, Sessions, Extension settings, History Delete Directives, Device Info, User Consents, Send Tab To Self, Web Apps, History, Saved Tab Group, WebAuthn Credentials, Collection, Edge E Drop, Edge Hub App Usage, Edge Wallet, Encryption Keys}
{"logTime": "1031/043212", "correlationVector":"+Prhk5196z8eBbWE/toEeb.1","action":"SyncServerConnectionManagerRequest", "result":"SYNC_SERVER_OK", "context":{"environment":"Prod_westus_prod-s01-081-nam-westus", "migrationStage":"NotStarted", "server":"akswtt016000071"}}
{"logTime": "1031/043212", "correlationVector":"+Prhk5196z8eBbWE/toEeb.2","action":"GetUpdates Response", "result":"Success", "context":Received 0 update(s). cV=+Prhk5196z8eBbWE/toEeb.0;server=akswtt016000071;cloudType=Consumer;environment=Prod_westus_prod-s01-081-nam-westus;migrationStage=NotStarted}
{"logTime": "1031/043212", "correlationVector":"UgYDjWXJssjoeGm01Ny++k","action":"DoCompareDataConsistency requsted types: ", "result":"Bookmarks, Preferences, Passwords, Extensions, Extension settings, History Delete Directives, Send Tab To Self, Web Apps, History, Saved Tab Group, WebAuthn Credentials, Collection, Edge E Drop, Edge Wallet, Encryption Keys"}
{"logTime": "1031/043212", "correlationVector":"UgYDjWXJssjoeGm01Ny++k.0","action":"CompareDataConsistency result: ", "result":"Compare result: Encryption Keys is consistent. local entities count is: 1 local entities hash is: 6BEhWTvB/3fByR0kuF12rVut9mc="}
{"logTime": "1031/043212", "correlationVector":"UgYDjWXJssjoeGm01Ny++k.1","action":"CompareDataConsistency result: ", "result":"Compare result: Bookmarks is consistent. local entities count is: 13 local entities hash is: 2ZhUVxz2iijqQwbtsUCXtHCjb9o="}
{"logTime": "1031/043212", "correlationVector":"UgYDjWXJssjoeGm01Ny++k.2","action":"CompareDataConsistency result: ", "result":"Compare result: Preferences is consistent. local entities count is: 91 local entities hash is: XSWyVT8KE+Cqpc7NdKlGjIs5Jr4="}
{"logTime": "1031/043212", "correlationVector":"UgYDjWXJssjoeGm01Ny++k.3","action":"CompareDataConsistency result: ", "result":"Compare result: Extensions is consistent. local entities count is: 1 local entities hash is: mYmuGcBh+977/+qjmhhOi+MUR8Q="}
{"logTime": "1031/043212", "correlationVector":"UgYDjWXJssjoeGm01Ny++k.4","action":"CompareDataConsistency result: ", "result":"Compare result: Extension settings is consistent. local entities count is: 0 local entities hash is: "}
{"logTime": "1031/043212", "correlationVector":"UgYDjWXJssjoeGm01Ny++k.5","action":"CompareDataConsistency result: ", "result":"Compare result: History Delete Directives is consistent. local entities count is: 0 local entities hash is: "}
{"logTime": "1031/043212", "correlationVector":"UgYDjWXJssjoeGm01Ny++k.6","action":"CompareDataConsistency result: ", "result":"Server did not send this Send Tab To Self local entities count is: 0 local entities hash is: "}
{"logTime": "1031/043212", "correlationVector":"UgYDjWXJssjoeGm01Ny++k.7","action":"CompareDataConsistency result: ", "result":"Compare result: Web Apps is consistent. local entities count is: 0 local entities hash is: "}
{"logTime": "1031/043212", "correlationVector":"UgYDjWXJssjoeGm01Ny++k.8","action":"CompareDataConsistency result: ", "result":"Server did not send this History local entities count is: 0 local entities hash is: "}
{"logTime": "1031/043212", "correlationVector":"UgYDjWXJssjoeGm01Ny++k.9","action":"CompareDataConsistency result: ", "result":"Compare result: Saved Tab Group is consistent. local entities count is: 0 local entities hash is: "}
{"logTime": "1031/043212", "correlationVector":"UgYDjWXJssjoeGm01Ny++k.10","action":"CompareDataConsistency result: ", "result":"Server did not send this WebAuthn Credentials local entities count is: 0 local entities hash is: "}
{"logTime": "1031/043212", "correlationVector":"UgYDjWXJssjoeGm01Ny++k.11","action":"CompareDataConsistency result: ", "result":"Compare result: Collection is consistent. local entities count is: 0 local entities hash is: "}
{"logTime": "1031/043212", "correlationVector":"UgYDjWXJssjoeGm01Ny++k.12","action":"CompareDataConsistency result: ", "result":"Compare result: Edge E Drop is consistent. local entities count is: 0 local entities hash is: "}
{"logTime": "1031/043212", "correlationVector":"UgYDjWXJssjoeGm01Ny++k.13","action":"CompareDataConsistency result: ", "result":"Compare result: Edge Wallet is consistent. local entities count is: 0 local entities hash is: "}
{"logTime": "1031/043212", "correlationVector":"UgYDjWXJssjoeGm01Ny++k.14","action":"CompareDataConsistency result: ", "result":"Compare result: Passwords is consistent. local entities count is: 31 local entities hash is: 6hVE7dumfFLJeRMHA2GJxwSfOuU="}
{"logTime": "1031/043212", "correlationVector":"8DuYN/+ymkfWlylEBk+bMC","action":"Commit Request", "result":"", "context":Item count: 4
Contributing types: Sessions, Device Info, User Consents}
{"logTime": "1031/043212", "correlationVector":"8DuYN/+ymkfWlylEBk+bMC.1","action":"SyncServerConnectionManagerRequest", "result":"SYNC_SERVER_OK", "context":{"environment":"Prod_westus_prod-s01-081-nam-westus", "migrationStage":"NotStarted", "server":"akswtt01600007o"}}
{"logTime": "1031/043212", "correlationVector":"8DuYN/+ymkfWlylEBk+bMC.2","action":"Commit Response", "result":"Success", "context":Result: Success. cV=8DuYN/+ymkfWlylEBk+bMC.0;server=akswtt01600007o;cloudType=Consumer;environment=Prod_westus_prod-s01-081-nam-westus;migrationStage=NotStarted}
{"logTime": "1031/043212", "correlationVector":"","action":"DIAGNOSTIC_REQUEST|v1/diagnosticData/Diagnostic.SendCheckResult()|SUCCESS", "result":""}
{"logTime": "1031/043212", "correlationVector":"0zwAClPkxgugRh15aZlabL","action":"Commit Request", "result":"", "context":Item count: 2
Contributing types: Edge Hub App Usage}
{"logTime": "1031/043213", "correlationVector":"0zwAClPkxgugRh15aZlabL.1","action":"SyncServerConnectionManagerRequest", "result":"SYNC_SERVER_OK", "context":{"environment":"Prod_westus_prod-s01-081-nam-westus", "migrationStage":"NotStarted", "server":"akswtt01600007e"}}
{"logTime": "1031/043213", "correlationVector":"0zwAClPkxgugRh15aZlabL.2","action":"Commit Response", "result":"Success", "context":Result: Success. cV=0zwAClPkxgugRh15aZlabL.0;server=akswtt01600007e;cloudType=Consumer;environment=Prod_westus_prod-s01-081-nam-westus;migrationStage=NotStarted}
{"logTime": "1031/043215", "correlationVector":"snMdiLLEHr2oZFXCZPq0NX","action":"Commit Request", "result":"", "context":Item count: 29
Contributing types: Preferences, Passwords, User Consents}
{"logTime": "1031/043217", "correlationVector":"snMdiLLEHr2oZFXCZPq0NX.1","action":"SyncServerConnectionManagerRequest", "result":"SYNC_SERVER_OK", "context":{"environment":"Prod_westus_prod-s01-081-nam-westus", "migrationStage":"NotStarted", "server":"akswtt01600006t"}}
{"logTime": "1031/043217", "correlationVector":"snMdiLLEHr2oZFXCZPq0NX.2","action":"Commit Response", "result":"Success", "context":Result: Success. cV=snMdiLLEHr2oZFXCZPq0NX.0;server=akswtt01600006t;cloudType=Consumer;environment=Prod_westus_prod-s01-081-nam-westus;migrationStage=NotStarted}
{"logTime": "1031/043239", "correlationVector":"skbxlKomOUJB8pU0+mK73o","action":"Commit Request", "result":"", "context":Item count: 3
Contributing types: Preferences, Sessions, History}
{"logTime": "1031/043239", "correlationVector":"skbxlKomOUJB8pU0+mK73o.1","action":"SyncServerConnectionManagerRequest", "result":"SYNC_SERVER_OK", "context":{"environment":"Prod_westus_prod-s01-081-nam-westus", "migrationStage":"NotStarted", "server":"akswtt01600008g"}}
{"logTime": "1031/043239", "correlationVector":"skbxlKomOUJB8pU0+mK73o.2","action":"Commit Response", "result":"Success", "context":Result: Success. cV=skbxlKomOUJB8pU0+mK73o.0;server=akswtt01600008g;cloudType=Consumer;environment=Prod_westus_prod-s01-081-nam-westus;migrationStage=NotStarted}
{"logTime": "1031/043307", "correlationVector":"tGq1Cg3Td9DuhhpcO46n8r","action":"Commit Request", "result":"", "context":Item count: 23
Contributing types: Passwords}
{"logTime": "1031/043309", "correlationVector":"tGq1Cg3Td9DuhhpcO46n8r.1","action":"SyncServerConnectionManagerRequest", "result":"SYNC_SERVER_OK", "context":{"environment":"Prod_westus_prod-s01-081-nam-westus", "migrationStage":"NotStarted", "server":"akswtt01600007o"}}
{"logTime": "1031/043309", "correlationVector":"tGq1Cg3Td9DuhhpcO46n8r.2","action":"Commit Response", "result":"Success", "context":Result: Success. cV=tGq1Cg3Td9DuhhpcO46n8r.0;server=akswtt01600007o;cloudType=Consumer;environment=Prod_westus_prod-s01-081-nam-westus;migrationStage=NotStarted}
{"logTime": "1031/144541", "correlationVector":"VZM2S9Cs5UkxSuktS58CVk.1","action":"SyncServerConnectionManagerRequest", "result":"SYNC_SERVER_OK", "context":{"environment":"Prod_westus_prod-s01-081-nam-westus", "migrationStage":"NotStarted", "server":"akswtt01600007a"}}
{"logTime": "1031/144541", "correlationVector":"VZM2S9Cs5UkxSuktS58CVk.2","action":"ProcessGetUpdates", "result":"Done", "context":{"dataType":"Encryption Keys", "deleted":"0", "process_failed_to_decrypt":"0", "process_pending_decryption":"0", "process_success":"1", "total":"1"}}
{"logTime": "1031/144541", "correlationVector":"yWT07RD7mPSt+cNL0QZAWU","action":"SyncServerConnectionManagerRequest", "result":"SYNC_SERVER_OK", "context":{"environment":"", "migrationStage":"", "server":""}}
{"logTime": "1031/144541", "correlationVector":"yWT07RD7mPSt+cNL0QZAWU.0","action":"EncryptionKeysFetcher.DownloadKeys:", "result":"Success", "context":Key count: 10, Last key timestamp: 2025-08-21T05:19:39Z}
{"logTime": "1031/144542", "correlationVector":"yWT07RD7mPSt+cNL0QZAWU.1","action":"EncryptionKeysManager::SetEncryptionKeys:", "result":"Success", "context":Key names[10]:[8KbinoMZFC/4qEsxw/R8BXmhHjLs2244HrSv063z+fBeF+Iq6o5PdUyPtHbtwprqTTnZQdGH+mFEwu6aYdNoLg==][0tSGOTU/zUzoF7w4g8bnFrksp4FNCv8VPxcKakj/nQn/N7+DDA2vVZmoGP54fMifZWsQPQqrI9cHR0IwWw/LIg==][p0P6Dy4XscP4z7IF+tOB5Rvymxn7PMksuVgbtRbJvGlFQ4MRn0DI8Z9PpDLGvJ15pFV9iqlR0tGGJoj5sSj5Yw==][mrr8PIGz765nc1Bd2og/XR6qSA2PuFyASD1KaOIi0h48jHaDHYUckLxUrRZjeRH/feMEpQMH4uabRtpc+tEGoA==][4RDKoxhkziFQAKXkOJLI4iyOUnxtDIriJks19X59NjVySqGLQTzW+tGM3tT1VWog3oWvIuCRgzGCD0rbweIuAg==][6XYL+SLQ0Aq/HQIRnRiKmSFcy3YVTmwewiEYM9grnJc36q/mf+nmlTVWPncE19GhWBAwaY7uEjJORcI+t43UuQ==][fQovNv2Jb76/5AmAEhtNWJV34/5qOJcuRWkodUD24L+7fRGImWoEXh5w/TOyDO2hc0wBwHgUElp5WsQ+FEy8nA==][9f7kP7hceqsTlzXbHniHaexe6jSYSaczd2VKD8awawlUtVdJ695yNW+ugBOnTJ48i2/YGjegVhquMQcHLOhP2Q==][otHGUl1CrBgvoNTseA+7Vlng/6zSI3WNIsPxszwn1H2Yhb2tFbvtA5ek8OGteXbFZq0YRg51aGfVvia2zdJ+sg==][9aJfrmbspHJal5Ma9IhzVLaXrB1ofPk/nP18xkwC3hy/CSpz6QVIaG9lZF+SOr0VmsavwUyqsDWPOzpkJt7xKA==]}
{"logTime": "1031/144542", "correlationVector":"yWT07RD7mPSt+cNL0QZAWU.2","action":"EncryptionKeysManager::SetEncryptionKeysWithTimestamps:", "result":"Success", "context":Key timestamps[10]:[2021-01-28T21:33:06Z][2021-08-02T15:19:52Z][2022-01-30T20:19:03Z][2022-07-31T03:44:57Z][2023-02-05T23:38:19Z][2023-08-05T02:07:35Z][2024-02-11T21:12:45Z][2024-08-10T23:46:03Z][2025-02-18T22:01:56Z][2025-08-21T05:19:39Z]}
{"logTime": "1031/144542", "correlationVector":"VZM2S9Cs5UkxSuktS58CVk","action":"Initial GetUpdates", "result":"", "context":Reason: NEW_CLIENT. cV=VZM2S9Cs5UkxSuktS58CVk}
{"logTime": "1031/144542", "correlationVector":"VZM2S9Cs5UkxSuktS58CVk.3","action":"GetUpdates Response", "result":"Success", "context":Received 1 update(s). cV=VZM2S9Cs5UkxSuktS58CVk.0;server=akswtt01600007a;cloudType=Consumer;environment=Prod_westus_prod-s01-081-nam-westus;migrationStage=NotStarted}
{"logTime": "1031/144542", "correlationVector":"tQDvQxemVOs8Q+iV26k+U3","action":"Initial GetUpdates", "result":"", "context":Reason: NEWLY_SUPPORTED_DATATYPE. cV=tQDvQxemVOs8Q+iV26k+U3}
{"logTime": "1031/144542", "correlationVector":"tQDvQxemVOs8Q+iV26k+U3.1","action":"SyncServerConnectionManagerRequest", "result":"SYNC_SERVER_OK", "context":{"environment":"Prod_westus_prod-s01-081-nam-westus", "migrationStage":"NotStarted", "server":"akswtt01600006r"}}
{"logTime": "1031/144542", "correlationVector":"tQDvQxemVOs8Q+iV26k+U3.2","action":"ProcessGetUpdates", "result":"Done", "context":{"dataType":"Passwords", "deleted":"0", "process_failed_to_decrypt":"0", "process_pending_decryption":"0", "process_success":"31", "total":"31"}}
{"logTime": "1031/144542", "correlationVector":"tQDvQxemVOs8Q+iV26k+U3.3","action":"GetUpdates Response", "result":"Success", "context":Received 31 update(s). cV=tQDvQxemVOs8Q+iV26k+U3.0;server=akswtt01600006r;cloudType=Consumer;environment=Prod_westus_prod-s01-081-nam-westus;migrationStage=NotStarted}
{"logTime": "1031/144542", "correlationVector":"Z9xqpqvATmMpYHY5rTqGNR","action":"Normal GetUpdate request", "result":"", "context":cV=Z9xqpqvATmMpYHY5rTqGNR
Nudged types: Sessions, History
Refresh requested types: Bookmarks, Preferences, Passwords, Autofill Profiles, Autofill, Extensions, Sessions, Extension settings, History Delete Directives, Device Info, User Consents, Send Tab To Self, Web Apps, History, Saved Tab Group, WebAuthn Credentials, Collection, Edge E Drop, Edge Hub App Usage, Edge Wallet, Encryption Keys}
{"logTime": "1031/144542", "correlationVector":"Z9xqpqvATmMpYHY5rTqGNR.1","action":"SyncServerConnectionManagerRequest", "result":"SYNC_SERVER_OK", "context":{"environment":"Prod_westus_prod-s01-081-nam-westus", "migrationStage":"NotStarted", "server":"akswtt01600007v"}}
{"logTime": "1031/144542", "correlationVector":"Z9xqpqvATmMpYHY5rTqGNR.2","action":"ProcessGetUpdates", "result":"Done", "context":{"dataType":"Preferences", "deleted":"0", "process_failed_to_decrypt":"0", "process_pending_decryption":"0", "process_success":"2", "total":"2"}}
{"logTime": "1031/144542", "correlationVector":"Z9xqpqvATmMpYHY5rTqGNR.3","action":"ProcessGetUpdates", "result":"Done", "context":{"dataType":"Sessions", "deleted":"0", "process_failed_to_decrypt":"0", "process_pending_decryption":"0", "process_success":"2", "total":"2"}}
{"logTime": "1031/144542", "correlationVector":"Z9xqpqvATmMpYHY5rTqGNR.4","action":"ProcessGetUpdates", "result":"Done", "context":{"dataType":"Device Info", "deleted":"0", "process_failed_to_decrypt":"0", "process_pending_decryption":"0", "process_success":"1", "total":"1"}}
{"logTime": "1031/144542", "correlationVector":"Z9xqpqvATmMpYHY5rTqGNR.5","action":"ProcessGetUpdates", "result":"Done", "context":{"dataType":"History", "deleted":"0", "process_failed_to_decrypt":"0", "process_pending_decryption":"0", "process_success":"1", "total":"1"}}
{"logTime": "1031/144542", "correlationVector":"Z9xqpqvATmMpYHY5rTqGNR.6","action":"ProcessGetUpdates", "result":"Done", "context":{"dataType":"Edge Hub App Usage", "deleted":"0", "process_failed_to_decrypt":"0", "process_pending_decryption":"0", "process_success":"2", "total":"2"}}
{"logTime": "1031/144542", "correlationVector":"Z9xqpqvATmMpYHY5rTqGNR.7","action":"GetUpdates Response", "result":"Success", "context":Received 8 update(s). cV=Z9xqpqvATmMpYHY5rTqGNR.0;server=akswtt01600007v;cloudType=Consumer;environment=Prod_westus_prod-s01-081-nam-westus;migrationStage=NotStarted}
{"logTime": "1031/144542", "correlationVector":"YbWqExrVzsnF7ynxOXbD/9","action":"Commit Request", "result":"", "context":Item count: 6
Contributing types: Autofill Profiles, Sessions, History}
{"logTime": "1031/144543", "correlationVector":"YbWqExrVzsnF7ynxOXbD/9.1","action":"SyncServerConnectionManagerRequest", "result":"SYNC_SERVER_OK", "context":{"environment":"Prod_westus_prod-s01-081-nam-westus", "migrationStage":"NotStarted", "server":"akswtt016000081"}}
{"logTime": "1031/144543", "correlationVector":"YbWqExrVzsnF7ynxOXbD/9.3","action":"Commit.Autofill Profiles", "result":"Success", "context":{"id":"4a3e4cd6-6da7-43d5-8846-c4f207d2b28e", "isDeleted":"true", "size":"0", "version":"1755753599173"}}
{"logTime": "1031/144543", "correlationVector":"YbWqExrVzsnF7ynxOXbD/9.2","action":"Commit Response", "result":"Success", "context":Result: Success. cV=YbWqExrVzsnF7ynxOXbD/9.0;server=akswtt016000081;cloudType=Consumer;environment=Prod_westus_prod-s01-081-nam-westus;migrationStage=NotStarted}
{"logTime": "1031/144543", "correlationVector":"YbWqExrVzsnF7ynxOXbD/9.4","action":"Commit.Autofill Profiles", "result":"Success", "context":{"id":"2a36d0c9-b2ec-4191-b404-bf1ec1b0a909", "isDeleted":"true", "size":"0", "version":"1755753599171"}}
{"logTime": "1031/144543", "correlationVector":"YbWqExrVzsnF7ynxOXbD/9.5","action":"Commit.Sessions", "result":"Success", "context":{"id":"2c846776-7f9d-4ef0-a0df-815ad5940b89", "isDeleted":"true", "size":"0", "version":"1761885158586"}}
{"logTime": "1031/144543", "correlationVector":"pBnMRjDQscdAbfWpwiDanp","action":"Commit Request", "result":"", "context":Item count: 8
Contributing types: Passwords}
{"logTime": "1031/144544", "correlationVector":"pBnMRjDQscdAbfWpwiDanp.1","action":"SyncServerConnectionManagerRequest", "result":"SYNC_SERVER_OK", "context":{"environment":"Prod_westus_prod-s01-081-nam-westus", "migrationStage":"NotStarted", "server":"akswtt016000071"}}
{"logTime": "1031/144544", "correlationVector":"pBnMRjDQscdAbfWpwiDanp.2","action":"Commit Response", "result":"Success", "context":Result: Success. cV=pBnMRjDQscdAbfWpwiDanp.0;server=akswtt016000071;cloudType=Consumer;environment=Prod_westus_prod-s01-081-nam-westus;migrationStage=NotStarted}
{"logTime": "1031/144544", "correlationVector":"hrnMgg9s7L4D1IEkNyMv9i","action":"Poll GetUpdate request", "result":"", "context":cV=hrnMgg9s7L4D1IEkNyMv9i}
{"logTime": "1031/144544", "correlationVector":"hrnMgg9s7L4D1IEkNyMv9i.1","action":"SyncServerConnectionManagerRequest", "result":"SYNC_SERVER_OK", "context":{"environment":"Prod_westus_prod-s01-081-nam-westus", "migrationStage":"NotStarted", "server":"akswtt01600008o"}}
{"logTime": "1031/144544", "correlationVector":"hrnMgg9s7L4D1IEkNyMv9i.2","action":"ProcessGetUpdates", "result":"Done", "context":{"dataType":"Passwords", "deleted":"0", "process_failed_to_decrypt":"0", "process_pending_decryption":"0", "process_success":"8", "total":"8"}}
{"logTime": "1031/144544", "correlationVector":"hrnMgg9s7L4D1IEkNyMv9i.3","action":"ProcessGetUpdates", "result":"Done", "context":{"dataType":"Autofill Profiles", "deleted":"2", "process_failed_to_decrypt":"0", "process_pending_decryption":"0", "process_success":"2", "total":"2"}}
{"logTime": "1031/144544", "correlationVector":"hrnMgg9s7L4D1IEkNyMv9i.4","action":"ProcessGetUpdates", "result":"Done", "context":{"dataType":"Sessions", "deleted":"1", "process_failed_to_decrypt":"0", "process_pending_decryption":"0", "process_success":"3", "total":"3"}}
{"logTime": "1031/144544", "correlationVector":"hrnMgg9s7L4D1IEkNyMv9i.5","action":"ProcessGetUpdates", "result":"Done", "context":{"dataType":"History", "deleted":"0", "process_failed_to_decrypt":"0", "process_pending_decryption":"0", "process_success":"1", "total":"1"}}
{"logTime": "1031/144544", "correlationVector":"hrnMgg9s7L4D1IEkNyMv9i.6","action":"GetUpdates Response", "result":"Success", "context":Received 14 update(s). cV=hrnMgg9s7L4D1IEkNyMv9i.0;server=akswtt01600008o;cloudType=Consumer;environment=Prod_westus_prod-s01-081-nam-westus;migrationStage=NotStarted}
{"logTime": "1031/144615", "correlationVector":"tSjZ7Q2cDI7XuRZVJG83hE","action":"Commit Request", "result":"", "context":Item count: 30
Contributing types: Preferences, Passwords, Sessions, History}
{"logTime": "1031/144617", "correlationVector":"tSjZ7Q2cDI7XuRZVJG83hE.1","action":"SyncServerConnectionManagerRequest", "result":"SYNC_SERVER_OK", "context":{"environment":"Prod_westus_prod-s01-081-nam-westus", "migrationStage":"NotStarted", "server":"akswtt016000082"}}
{"logTime": "1031/144617", "correlationVector":"tSjZ7Q2cDI7XuRZVJG83hE.2","action":"Commit Response", "result":"Success", "context":Result: Success. cV=tSjZ7Q2cDI7XuRZVJG83hE.0;server=akswtt016000082;cloudType=Consumer;environment=Prod_westus_prod-s01-081-nam-westus;migrationStage=NotStarted}
{"logTime": "1031/203109", "correlationVector":"LbQdUioCEZaBfWioa6+r+f","action":"Commit Request", "result":"", "context":Item count: 1
Contributing types: Sessions}
{"logTime": "1031/203109", "correlationVector":"LbQdUioCEZaBfWioa6+r+f.1","action":"SyncServerConnectionManagerRequest", "result":"SYNC_SERVER_OK", "context":{"environment":"Prod_westus_prod-s01-081-nam-westus", "migrationStage":"NotStarted", "server":"akswtt016000075"}}
{"logTime": "1031/203109", "correlationVector":"LbQdUioCEZaBfWioa6+r+f.2","action":"Commit Response", "result":"Success", "context":Result: Success. cV=LbQdUioCEZaBfWioa6+r+f.0;server=akswtt016000075;cloudType=Consumer;environment=Prod_westus_prod-s01-081-nam-westus;migrationStage=NotStarted}
{"logTime": "1031/204319", "correlationVector":"Q2PdYaquorpCpbCAvAfzNp.1","action":"SyncServerConnectionManagerRequest", "result":"SYNC_SERVER_OK", "context":{"environment":"Prod_westus_prod-s01-081-nam-westus", "migrationStage":"NotStarted", "server":"akswtt016000080"}}
{"logTime": "1031/204319", "correlationVector":"Q2PdYaquorpCpbCAvAfzNp.2","action":"ProcessGetUpdates", "result":"Done", "context":{"dataType":"Encryption Keys", "deleted":"0", "process_failed_to_decrypt":"0", "process_pending_decryption":"0", "process_success":"1", "total":"1"}}
{"logTime": "1031/204320", "correlationVector":"8GLTT2DggFSCC8JBeBSwMa","action":"SyncServerConnectionManagerRequest", "result":"SYNC_SERVER_OK", "context":{"environment":"", "migrationStage":"", "server":""}}
{"logTime": "1031/204320", "correlationVector":"8GLTT2DggFSCC8JBeBSwMa.0","action":"EncryptionKeysFetcher.DownloadKeys:", "result":"Success", "context":Key count: 10, Last key timestamp: 2025-08-21T05:19:39Z}
{"logTime": "1031/204320", "correlationVector":"8GLTT2DggFSCC8JBeBSwMa.1","action":"EncryptionKeysManager::SetEncryptionKeys:", "result":"Success", "context":Key names[10]:[8KbinoMZFC/4qEsxw/R8BXmhHjLs2244HrSv063z+fBeF+Iq6o5PdUyPtHbtwprqTTnZQdGH+mFEwu6aYdNoLg==][0tSGOTU/zUzoF7w4g8bnFrksp4FNCv8VPxcKakj/nQn/N7+DDA2vVZmoGP54fMifZWsQPQqrI9cHR0IwWw/LIg==][p0P6Dy4XscP4z7IF+tOB5Rvymxn7PMksuVgbtRbJvGlFQ4MRn0DI8Z9PpDLGvJ15pFV9iqlR0tGGJoj5sSj5Yw==][mrr8PIGz765nc1Bd2og/XR6qSA2PuFyASD1KaOIi0h48jHaDHYUckLxUrRZjeRH/feMEpQMH4uabRtpc+tEGoA==][4RDKoxhkziFQAKXkOJLI4iyOUnxtDIriJks19X59NjVySqGLQTzW+tGM3tT1VWog3oWvIuCRgzGCD0rbweIuAg==][6XYL+SLQ0Aq/HQIRnRiKmSFcy3YVTmwewiEYM9grnJc36q/mf+nmlTVWPncE19GhWBAwaY7uEjJORcI+t43UuQ==][fQovNv2Jb76/5AmAEhtNWJV34/5qOJcuRWkodUD24L+7fRGImWoEXh5w/TOyDO2hc0wBwHgUElp5WsQ+FEy8nA==][9f7kP7hceqsTlzXbHniHaexe6jSYSaczd2VKD8awawlUtVdJ695yNW+ugBOnTJ48i2/YGjegVhquMQcHLOhP2Q==][otHGUl1CrBgvoNTseA+7Vlng/6zSI3WNIsPxszwn1H2Yhb2tFbvtA5ek8OGteXbFZq0YRg51aGfVvia2zdJ+sg==][9aJfrmbspHJal5Ma9IhzVLaXrB1ofPk/nP18xkwC3hy/CSpz6QVIaG9lZF+SOr0VmsavwUyqsDWPOzpkJt7xKA==]}
{"logTime": "1031/204320", "correlationVector":"8GLTT2DggFSCC8JBeBSwMa.2","action":"EncryptionKeysManager::SetEncryptionKeysWithTimestamps:", "result":"Success", "context":Key timestamps[10]:[2021-01-28T21:33:06Z][2021-08-02T15:19:52Z][2022-01-30T20:19:03Z][2022-07-31T03:44:57Z][2023-02-05T23:38:19Z][2023-08-05T02:07:35Z][2024-02-11T21:12:45Z][2024-08-10T23:46:03Z][2025-02-18T22:01:56Z][2025-08-21T05:19:39Z]}
{"logTime": "1031/204320", "correlationVector":"Q2PdYaquorpCpbCAvAfzNp","action":"Initial GetUpdates", "result":"", "context":Reason: NEW_CLIENT. cV=Q2PdYaquorpCpbCAvAfzNp}
{"logTime": "1031/204320", "correlationVector":"Q2PdYaquorpCpbCAvAfzNp.3","action":"GetUpdates Response", "result":"Success", "context":Received 1 update(s). cV=Q2PdYaquorpCpbCAvAfzNp.0;server=akswtt016000080;cloudType=Consumer;environment=Prod_westus_prod-s01-081-nam-westus;migrationStage=NotStarted}
{"logTime": "1031/204320", "correlationVector":"NCRcWmfGsPgRhZmZaakgR7","action":"Initial GetUpdates", "result":"", "context":Reason: NEWLY_SUPPORTED_DATATYPE. cV=NCRcWmfGsPgRhZmZaakgR7}
{"logTime": "1031/204320", "correlationVector":"NCRcWmfGsPgRhZmZaakgR7.1","action":"SyncServerConnectionManagerRequest", "result":"SYNC_SERVER_OK", "context":{"environment":"Prod_westus_prod-s01-081-nam-westus", "migrationStage":"NotStarted", "server":"akswtt01600008f"}}
{"logTime": "1031/204320", "correlationVector":"NCRcWmfGsPgRhZmZaakgR7.2","action":"ProcessGetUpdates", "result":"Done", "context":{"dataType":"Passwords", "deleted":"0", "process_failed_to_decrypt":"0", "process_pending_decryption":"0", "process_success":"31", "total":"31"}}
{"logTime": "1031/204320", "correlationVector":"NCRcWmfGsPgRhZmZaakgR7.3","action":"GetUpdates Response", "result":"Success", "context":Received 31 update(s). cV=NCRcWmfGsPgRhZmZaakgR7.0;server=akswtt01600008f;cloudType=Consumer;environment=Prod_westus_prod-s01-081-nam-westus;migrationStage=NotStarted}
{"logTime": "1031/204320", "correlationVector":"Gb5BDyg1cjsTvlJQk0A0Qc","action":"Normal GetUpdate request", "result":"", "context":cV=Gb5BDyg1cjsTvlJQk0A0Qc
Nudged types: Sessions, History
Refresh requested types: Bookmarks, Preferences, Passwords, Autofill Profiles, Autofill, Extensions, Sessions, Extension settings, History Delete Directives, Device Info, User Consents, Send Tab To Self, Web Apps, History, Saved Tab Group, WebAuthn Credentials, Collection, Edge E Drop, Edge Hub App Usage, Edge Wallet, Encryption Keys}
{"logTime": "1031/204320", "correlationVector":"Gb5BDyg1cjsTvlJQk0A0Qc.1","action":"SyncServerConnectionManagerRequest", "result":"SYNC_SERVER_OK", "context":{"environment":"Prod_westus_prod-s01-081-nam-westus", "migrationStage":"NotStarted", "server":"akswtt016000059"}}
{"logTime": "1031/204320", "correlationVector":"Gb5BDyg1cjsTvlJQk0A0Qc.2","action":"ProcessGetUpdates", "result":"Done", "context":{"dataType":"Preferences", "deleted":"0", "process_failed_to_decrypt":"0", "process_pending_decryption":"0", "process_success":"1", "total":"1"}}
{"logTime": "1031/204320", "correlationVector":"Gb5BDyg1cjsTvlJQk0A0Qc.3","action":"ProcessGetUpdates", "result":"Done", "context":{"dataType":"Sessions", "deleted":"0", "process_failed_to_decrypt":"0", "process_pending_decryption":"0", "process_success":"1", "total":"1"}}
{"logTime": "1031/204320", "correlationVector":"Gb5BDyg1cjsTvlJQk0A0Qc.4","action":"ProcessGetUpdates", "result":"Done", "context":{"dataType":"History", "deleted":"0", "process_failed_to_decrypt":"0", "process_pending_decryption":"0", "process_success":"1", "total":"1"}}
{"logTime": "1031/204320", "correlationVector":"Gb5BDyg1cjsTvlJQk0A0Qc.5","action":"GetUpdates Response", "result":"Success", "context":Received 3 update(s). cV=Gb5BDyg1cjsTvlJQk0A0Qc.0;server=akswtt016000059;cloudType=Consumer;environment=Prod_westus_prod-s01-081-nam-westus;migrationStage=NotStarted}
{"logTime": "1031/204321", "correlationVector":"c3WJ8QRPofdDxx2rScCARl","action":"Commit Request", "result":"", "context":Item count: 4
Contributing types: Sessions, History}
{"logTime": "1031/204321", "correlationVector":"c3WJ8QRPofdDxx2rScCARl.1","action":"SyncServerConnectionManagerRequest", "result":"SYNC_SERVER_OK", "context":{"environment":"Prod_westus_prod-s01-081-nam-westus", "migrationStage":"NotStarted", "server":"akswtt01600008r"}}
{"logTime": "1031/204321", "correlationVector":"c3WJ8QRPofdDxx2rScCARl.3","action":"Commit.Sessions", "result":"Success", "context":{"id":"dd6f77ba-98fd-47c1-91fb-2b195a18627f", "isDeleted":"true", "size":"0", "version":"1761942669974"}}
{"logTime": "1031/204321", "correlationVector":"c3WJ8QRPofdDxx2rScCARl.2","action":"Commit Response", "result":"Success", "context":Result: Success. cV=c3WJ8QRPofdDxx2rScCARl.0;server=akswtt01600008r;cloudType=Consumer;environment=Prod_westus_prod-s01-081-nam-westus;migrationStage=NotStarted}
{"logTime": "1031/204323", "correlationVector":"nM8IcEbDeccZkMga2/2qJK","action":"Commit Request", "result":"", "context":Item count: 28
Contributing types: Preferences, Passwords}
{"logTime": "1031/204325", "correlationVector":"nM8IcEbDeccZkMga2/2qJK.1","action":"SyncServerConnectionManagerRequest", "result":"SYNC_SERVER_OK", "context":{"environment":"Prod_westus_prod-s01-081-nam-westus", "migrationStage":"NotStarted", "server":"akswtt016000059"}}
{"logTime": "1031/204325", "correlationVector":"nM8IcEbDeccZkMga2/2qJK.2","action":"Commit Response", "result":"Success", "context":Result: Success. cV=nM8IcEbDeccZkMga2/2qJK.0;server=akswtt016000059;cloudType=Consumer;environment=Prod_westus_prod-s01-081-nam-westus;migrationStage=NotStarted}
{"logTime": "1031/211433", "correlationVector":"Z68Z/9HpZeFBEd6LsX+3K8.1","action":"SyncServerConnectionManagerRequest", "result":"SYNC_SERVER_OK", "context":{"environment":"Prod_westus_prod-s01-081-nam-westus", "migrationStage":"NotStarted", "server":"akswtt01600007j"}}
{"logTime": "1031/211433", "correlationVector":"Z68Z/9HpZeFBEd6LsX+3K8.2","action":"ProcessGetUpdates", "result":"Done", "context":{"dataType":"Encryption Keys", "deleted":"0", "process_failed_to_decrypt":"0", "process_pending_decryption":"0", "process_success":"1", "total":"1"}}
{"logTime": "1031/211433", "correlationVector":"cReI+NXEWrRCTdxEfuLDKw","action":"SyncServerConnectionManagerRequest", "result":"SYNC_SERVER_OK", "context":{"environment":"", "migrationStage":"", "server":""}}
{"logTime": "1031/211433", "correlationVector":"cReI+NXEWrRCTdxEfuLDKw.0","action":"EncryptionKeysFetcher.DownloadKeys:", "result":"Success", "context":Key count: 10, Last key timestamp: 2025-08-21T05:19:39Z}
{"logTime": "1031/211433", "correlationVector":"cReI+NXEWrRCTdxEfuLDKw.1","action":"EncryptionKeysManager::SetEncryptionKeys:", "result":"Success", "context":Key names[10]:[8KbinoMZFC/4qEsxw/R8BXmhHjLs2244HrSv063z+fBeF+Iq6o5PdUyPtHbtwprqTTnZQdGH+mFEwu6aYdNoLg==][0tSGOTU/zUzoF7w4g8bnFrksp4FNCv8VPxcKakj/nQn/N7+DDA2vVZmoGP54fMifZWsQPQqrI9cHR0IwWw/LIg==][p0P6Dy4XscP4z7IF+tOB5Rvymxn7PMksuVgbtRbJvGlFQ4MRn0DI8Z9PpDLGvJ15pFV9iqlR0tGGJoj5sSj5Yw==][mrr8PIGz765nc1Bd2og/XR6qSA2PuFyASD1KaOIi0h48jHaDHYUckLxUrRZjeRH/feMEpQMH4uabRtpc+tEGoA==][4RDKoxhkziFQAKXkOJLI4iyOUnxtDIriJks19X59NjVySqGLQTzW+tGM3tT1VWog3oWvIuCRgzGCD0rbweIuAg==][6XYL+SLQ0Aq/HQIRnRiKmSFcy3YVTmwewiEYM9grnJc36q/mf+nmlTVWPncE19GhWBAwaY7uEjJORcI+t43UuQ==][fQovNv2Jb76/5AmAEhtNWJV34/5qOJcuRWkodUD24L+7fRGImWoEXh5w/TOyDO2hc0wBwHgUElp5WsQ+FEy8nA==][9f7kP7hceqsTlzXbHniHaexe6jSYSaczd2VKD8awawlUtVdJ695yNW+ugBOnTJ48i2/YGjegVhquMQcHLOhP2Q==][otHGUl1CrBgvoNTseA+7Vlng/6zSI3WNIsPxszwn1H2Yhb2tFbvtA5ek8OGteXbFZq0YRg51aGfVvia2zdJ+sg==][9aJfrmbspHJal5Ma9IhzVLaXrB1ofPk/nP18xkwC3hy/CSpz6QVIaG9lZF+SOr0VmsavwUyqsDWPOzpkJt7xKA==]}
{"logTime": "1031/211433", "correlationVector":"cReI+NXEWrRCTdxEfuLDKw.2","action":"EncryptionKeysManager::SetEncryptionKeysWithTimestamps:", "result":"Success", "context":Key timestamps[10]:[2021-01-28T21:33:06Z][2021-08-02T15:19:52Z][2022-01-30T20:19:03Z][2022-07-31T03:44:57Z][2023-02-05T23:38:19Z][2023-08-05T02:07:35Z][2024-02-11T21:12:45Z][2024-08-10T23:46:03Z][2025-02-18T22:01:56Z][2025-08-21T05:19:39Z]}
{"logTime": "1031/211433", "correlationVector":"Z68Z/9HpZeFBEd6LsX+3K8","action":"Initial GetUpdates", "result":"", "context":Reason: NEW_CLIENT. cV=Z68Z/9HpZeFBEd6LsX+3K8}
{"logTime": "1031/211433", "correlationVector":"Z68Z/9HpZeFBEd6LsX+3K8.3","action":"GetUpdates Response", "result":"Success", "context":Received 1 update(s). cV=Z68Z/9HpZeFBEd6LsX+3K8.0;server=akswtt01600007j;cloudType=Consumer;environment=Prod_westus_prod-s01-081-nam-westus;migrationStage=NotStarted}
{"logTime": "1031/211433", "correlationVector":"MYmVn1+4AW4mizmdV2C+WB","action":"Initial GetUpdates", "result":"", "context":Reason: NEWLY_SUPPORTED_DATATYPE. cV=MYmVn1+4AW4mizmdV2C+WB}
{"logTime": "1031/211433", "correlationVector":"MYmVn1+4AW4mizmdV2C+WB.1","action":"SyncServerConnectionManagerRequest", "result":"SYNC_SERVER_OK", "context":{"environment":"Prod_westus_prod-s01-081-nam-westus", "migrationStage":"NotStarted", "server":"akswtt016000075"}}
{"logTime": "1031/211433", "correlationVector":"MYmVn1+4AW4mizmdV2C+WB.2","action":"ProcessGetUpdates", "result":"Done", "context":{"dataType":"Passwords", "deleted":"0", "process_failed_to_decrypt":"0", "process_pending_decryption":"0", "process_success":"31", "total":"31"}}
{"logTime": "1031/211433", "correlationVector":"MYmVn1+4AW4mizmdV2C+WB.3","action":"GetUpdates Response", "result":"Success", "context":Received 31 update(s). cV=MYmVn1+4AW4mizmdV2C+WB.0;server=akswtt016000075;cloudType=Consumer;environment=Prod_westus_prod-s01-081-nam-westus;migrationStage=NotStarted}
{"logTime": "1031/211433", "correlationVector":"YSd3FTVYR1hzJwXzutOZid","action":"Normal GetUpdate request", "result":"", "context":cV=YSd3FTVYR1hzJwXzutOZid
Nudged types: Sessions, History
Refresh requested types: Bookmarks, Preferences, Passwords, Autofill Profiles, Autofill, Extensions, Sessions, Extension settings, History Delete Directives, Device Info, User Consents, Send Tab To Self, Web Apps, History, Saved Tab Group, WebAuthn Credentials, Collection, Edge E Drop, Edge Hub App Usage, Edge Wallet, Encryption Keys}
{"logTime": "1031/211434", "correlationVector":"YSd3FTVYR1hzJwXzutOZid.1","action":"SyncServerConnectionManagerRequest", "result":"SYNC_SERVER_OK", "context":{"environment":"Prod_westus_prod-s01-081-nam-westus", "migrationStage":"NotStarted", "server":"akswtt01600006o"}}
{"logTime": "1031/211434", "correlationVector":"YSd3FTVYR1hzJwXzutOZid.2","action":"ProcessGetUpdates", "result":"Done", "context":{"dataType":"Preferences", "deleted":"0", "process_failed_to_decrypt":"0", "process_pending_decryption":"0", "process_success":"1", "total":"1"}}
{"logTime": "1031/211434", "correlationVector":"YSd3FTVYR1hzJwXzutOZid.3","action":"ProcessGetUpdates", "result":"Done", "context":{"dataType":"Sessions", "deleted":"1", "process_failed_to_decrypt":"0", "process_pending_decryption":"0", "process_success":"3", "total":"3"}}
{"logTime": "1031/211434", "correlationVector":"YSd3FTVYR1hzJwXzutOZid.4","action":"ProcessGetUpdates", "result":"Done", "context":{"dataType":"History", "deleted":"0", "process_failed_to_decrypt":"0", "process_pending_decryption":"0", "process_success":"1", "total":"1"}}
{"logTime": "1031/211434", "correlationVector":"YSd3FTVYR1hzJwXzutOZid.5","action":"GetUpdates Response", "result":"Success", "context":Received 5 update(s). cV=YSd3FTVYR1hzJwXzutOZid.0;server=akswtt01600006o;cloudType=Consumer;environment=Prod_westus_prod-s01-081-nam-westus;migrationStage=NotStarted}
{"logTime": "1031/211434", "correlationVector":"GSBplo2E8JXpJYx4Gd7gBL","action":"Commit Request", "result":"", "context":Item count: 3
Contributing types: Sessions, History}
{"logTime": "1031/211434", "correlationVector":"GSBplo2E8JXpJYx4Gd7gBL.1","action":"SyncServerConnectionManagerRequest", "result":"SYNC_SERVER_OK", "context":{"environment":"Prod_westus_prod-s01-081-nam-westus", "migrationStage":"NotStarted", "server":"akswtt01600006n"}}
{"logTime": "1031/211434", "correlationVector":"GSBplo2E8JXpJYx4Gd7gBL.2","action":"Commit Response", "result":"Success", "context":Result: Success. cV=GSBplo2E8JXpJYx4Gd7gBL.0;server=akswtt01600006n;cloudType=Consumer;environment=Prod_westus_prod-s01-081-nam-westus;migrationStage=NotStarted}
{"logTime": "1031/211437", "correlationVector":"i+PBlqoeLoJnE2mEJk5YBJ","action":"Commit Request", "result":"", "context":Item count: 28
Contributing types: Preferences, Passwords}
{"logTime": "1031/211439", "correlationVector":"i+PBlqoeLoJnE2mEJk5YBJ.1","action":"SyncServerConnectionManagerRequest", "result":"SYNC_SERVER_OK", "context":{"environment":"Prod_westus_prod-s01-081-nam-westus", "migrationStage":"NotStarted", "server":"akswtt01600004y"}}
{"logTime": "1031/211439", "correlationVector":"i+PBlqoeLoJnE2mEJk5YBJ.2","action":"Commit Response", "result":"Success", "context":Result: Success. cV=i+PBlqoeLoJnE2mEJk5YBJ.0;server=akswtt01600004y;cloudType=Consumer;environment=Prod_westus_prod-s01-081-nam-westus;migrationStage=NotStarted}
{"logTime": "1031/211539", "correlationVector":"YaVBFQ85NrypOILmDPesZ/","action":"Commit Request", "result":"", "context":Item count: 2
Contributing types: Sessions, History}
{"logTime": "1031/211539", "correlationVector":"YaVBFQ85NrypOILmDPesZ/.1","action":"SyncServerConnectionManagerRequest", "result":"SYNC_SERVER_OK", "context":{"environment":"Prod_westus_prod-s01-081-nam-westus", "migrationStage":"NotStarted", "server":"akswtt01600004y"}}
{"logTime": "1031/211539", "correlationVector":"YaVBFQ85NrypOILmDPesZ/.2","action":"Commit Response", "result":"Success", "context":Result: Success. cV=YaVBFQ85NrypOILmDPesZ/.0;server=akswtt01600004y;cloudType=Consumer;environment=Prod_westus_prod-s01-081-nam-westus;migrationStage=NotStarted}
