2025-10-31 04:32:07.257: [INFO][Sync] Reset engine, reason: 8
2025-10-31 04:32:07.257: [INFO][Sync] Stopped: Bookmarks
2025-10-31 04:32:07.257: [INFO][Sync] Stopped: Preferences
2025-10-31 04:32:07.257: [INFO][Sync] Stopped: Passwords
2025-10-31 04:32:07.257: [INFO][Sync] Stopped: Autofill Profiles
2025-10-31 04:32:07.257: [INFO][Sync] Stopped: Autofill
2025-10-31 04:32:07.257: [INFO][Sync] Stopped: Extensions
2025-10-31 04:32:07.257: [INFO][Sync] Stopped: Sessions
2025-10-31 04:32:07.257: [INFO][Sync] Stopped: Extension settings
2025-10-31 04:32:07.257: [INFO][Sync] Stopped: History Delete Directives
2025-10-31 04:32:07.257: [INFO][Sync] Stopped: Device Info
2025-10-31 04:32:07.257: [INFO][Sync] Stopped: User Consents
2025-10-31 04:32:07.257: [INFO][Sync] Stopped: Send Tab To Self
2025-10-31 04:32:07.257: [INFO][Sync] Stopped: Web Apps
2025-10-31 04:32:07.257: [INFO][Sync] Stopped: History
2025-10-31 04:32:07.257: [INFO][Sync] Stopped: Saved Tab Group
2025-10-31 04:32:07.257: [INFO][Sync] Stopped: WebAuthn Credentials
2025-10-31 04:32:07.257: [INFO][Sync] Stopped: Collection
2025-10-31 04:32:07.257: [INFO][Sync] Stopped: Edge E Drop
2025-10-31 04:32:07.257: [INFO][Sync] Stopped: Edge Hub App Usage
2025-10-31 04:32:07.257: [INFO][Sync] Stopped: Edge Wallet
2025-10-31 04:32:07.257: [INFO][Sync] SyncState after authenticated was: NotSignedIn
2025-10-31 04:32:07.966: [INFO][Sync] Reset engine, reason: 8
2025-10-31 04:32:07.966: [INFO][Sync] Stopped: Bookmarks
2025-10-31 04:32:07.966: [INFO][Sync] Stopped: Preferences
2025-10-31 04:32:07.966: [INFO][Sync] Stopped: Passwords
2025-10-31 04:32:07.966: [INFO][Sync] Stopped: Autofill Profiles
2025-10-31 04:32:07.967: [INFO][Sync] Stopped: Autofill
2025-10-31 04:32:07.967: [INFO][Sync] Stopped: Extensions
2025-10-31 04:32:07.967: [INFO][Sync] Stopped: Sessions
2025-10-31 04:32:07.967: [INFO][Sync] Stopped: Extension settings
2025-10-31 04:32:07.967: [INFO][Sync] Stopped: History Delete Directives
2025-10-31 04:32:07.967: [INFO][Sync] Stopped: Device Info
2025-10-31 04:32:07.967: [INFO][Sync] Stopped: User Consents
2025-10-31 04:32:07.967: [INFO][Sync] Stopped: Send Tab To Self
2025-10-31 04:32:07.967: [INFO][Sync] Stopped: Web Apps
2025-10-31 04:32:07.967: [INFO][Sync] Stopped: History
2025-10-31 04:32:07.967: [INFO][Sync] Stopped: Saved Tab Group
2025-10-31 04:32:07.967: [INFO][Sync] Stopped: WebAuthn Credentials
2025-10-31 04:32:07.967: [INFO][Sync] Stopped: Collection
2025-10-31 04:32:07.967: [INFO][Sync] Stopped: Edge E Drop
2025-10-31 04:32:07.967: [INFO][Sync] Stopped: Edge Hub App Usage
2025-10-31 04:32:07.967: [INFO][Sync] Stopped: Edge Wallet
2025-10-31 04:32:09.201: [INFO][Sync] Try to start sync engine
2025-10-31 04:32:09.202: [INFO][SyncManagerImpl::NudgeForInitialDownload] Initial download nudge for Encryption Keys
2025-10-31 04:32:09.202: [INFO][SyncEngineBackend::LoadAndConnectNigoriController] Load and connect Nigori controller
2025-10-31 04:32:09.202: [INFO][SyncEngineBackend::DoInitialize] Control Types added: Encryption Keys
2025-10-31 04:32:09.202: [INFO][SyncManagerImpl::ConfigureSyncer] Types to download: Encryption Keys with reason: 3
2025-10-31 04:32:09.208: [INFO][SyncSchedulerImpl::DoConfigurationSyncCycleJob] Configure job was blocked
2025-10-31 04:32:09.697: [INFO][SyncAuthManager::SetLastAuthError] Current auth error: None
2025-10-31 04:32:09.697: [INFO][SyncAuthManager::EdgeLogTokenErrorState] Token error with: None for account type: MSA
2025-10-31 04:32:09.698: [INFO][Sync] Credentials changed for: EdgeSyncKeyDataScope
2025-10-31 04:32:09.698: [INFO][SyncEngineBackend::DoUpdateKeyDataCredentials] Update key data credentials
2025-10-31 04:32:09.903: [INFO][SyncAuthManager::SetLastAuthError] Current auth error: None
2025-10-31 04:32:09.903: [INFO][SyncAuthManager::EdgeLogTokenErrorState] Token error with: None for account type: MSA
2025-10-31 04:32:09.903: [INFO][Sync] Credentials changed for: EdgeSyncScopeNew
2025-10-31 04:32:09.903: [INFO][SyncEngineBackend::DoUpdateCredentials] Update credentials
2025-10-31 04:32:09.903: [INFO][SyncSchedulerImpl::DoConfigurationSyncCycleJob] Blocked types:  and types to download: Encryption Keys
2025-10-31 04:32:10.583: [INFO][SyncEngineBackend::DoUpdateKeyDataCredentials] Update key data credentials
2025-10-31 04:32:10.590: [INFO][Sync] Started DataTypeManager configuration, reason: 4
2025-10-31 04:32:10.590: [INFO][Sync] Configuring for: Bookmarks, Preferences, Passwords, Autofill Profiles, Autofill, Extensions, Sessions, Extension settings, History Delete Directives, Device Info, User Consents, Send Tab To Self, Web Apps, History, Saved Tab Group, WebAuthn Credentials, Collection, Edge E Drop, Edge Hub App Usage, Edge Wallet, Encryption Keys, reason: 3, current state: 0
2025-10-31 04:32:10.590: [WARN][Sync] Crypto error data types: Passwords, Autofill Profiles, Autofill
2025-10-31 04:32:10.592: [INFO][Sync] Configure, desired: Bookmarks, Preferences, Extensions, Sessions, Extension settings, History Delete Directives, Device Info, User Consents, Send Tab To Self, Web Apps, History, Saved Tab Group, WebAuthn Credentials, Collection, Edge E Drop, Edge Hub App Usage, Edge Wallet, Encryption Keys; Allow fail: Passwords, Autofill Profiles, Autofill
2025-10-31 04:32:10.592: [INFO][Sync] Loading: Bookmarks
2025-10-31 04:32:10.592: [INFO][Sync] Loading: Preferences
2025-10-31 04:32:10.592: [INFO][Sync] Loading: Extensions
2025-10-31 04:32:10.593: [INFO][Sync] Loading: Sessions
2025-10-31 04:32:10.593: [INFO][Sync] Loading: Extension settings
2025-10-31 04:32:10.593: [INFO][Sync] Loading: History Delete Directives
2025-10-31 04:32:10.593: [INFO][Sync] Loading: Device Info
2025-10-31 04:32:10.593: [INFO][Sync] Loading: User Consents
2025-10-31 04:32:10.593: [INFO][Sync] Loading: Send Tab To Self
2025-10-31 04:32:10.593: [INFO][Sync] Loading: Web Apps
2025-10-31 04:32:10.593: [INFO][Sync] Loading: History
2025-10-31 04:32:10.593: [INFO][Sync] Loading: Saved Tab Group
2025-10-31 04:32:10.593: [INFO][Sync] Loading: WebAuthn Credentials
2025-10-31 04:32:10.593: [INFO][Sync] Loading: Collection
2025-10-31 04:32:10.593: [INFO][Sync] Loading: Edge E Drop
2025-10-31 04:32:10.593: [INFO][Sync] Loading: Edge Hub App Usage
2025-10-31 04:32:10.593: [INFO][Sync] Loading: Edge Wallet
2025-10-31 04:32:10.601: [INFO][Sync] All data types are ready for configure.
2025-10-31 04:32:10.836: [INFO][Sync] Started DataTypeManager configuration, reason: 5
2025-10-31 04:32:10.836: [INFO][Sync] Configuring for: Bookmarks, Preferences, Passwords, Autofill Profiles, Autofill, Extensions, Sessions, Extension settings, History Delete Directives, Device Info, User Consents, Send Tab To Self, Web Apps, History, Saved Tab Group, WebAuthn Credentials, Collection, Edge E Drop, Edge Hub App Usage, Edge Wallet, Encryption Keys, reason: 5, current state: 1
2025-10-31 04:32:10.847: [INFO][SyncEngineBackend::DoStartConfiguration] Start configuration
2025-10-31 04:32:10.847: [INFO][SyncManagerImpl::NudgeForInitialDownload] Initial download nudge for Bookmarks
2025-10-31 04:32:10.847: [INFO][SyncManagerImpl::NudgeForInitialDownload] Initial download nudge for Preferences
2025-10-31 04:32:10.847: [INFO][SyncManagerImpl::NudgeForInitialDownload] Initial download nudge for Extensions
2025-10-31 04:32:10.847: [INFO][SyncManagerImpl::NudgeForInitialDownload] Initial download nudge for Sessions
2025-10-31 04:32:10.847: [INFO][SyncManagerImpl::NudgeForInitialDownload] Initial download nudge for Extension settings
2025-10-31 04:32:10.847: [INFO][SyncManagerImpl::NudgeForInitialDownload] Initial download nudge for History Delete Directives
2025-10-31 04:32:10.847: [INFO][SyncManagerImpl::NudgeForInitialDownload] Initial download nudge for Device Info
2025-10-31 04:32:10.847: [INFO][SyncManagerImpl::NudgeForInitialDownload] Initial download nudge for Send Tab To Self
2025-10-31 04:32:10.847: [INFO][SyncManagerImpl::NudgeForInitialDownload] Initial download nudge for Web Apps
2025-10-31 04:32:10.847: [INFO][SyncManagerImpl::NudgeForInitialDownload] Initial download nudge for History
2025-10-31 04:32:10.847: [INFO][SyncManagerImpl::NudgeForInitialDownload] Initial download nudge for Saved Tab Group
2025-10-31 04:32:10.847: [INFO][SyncManagerImpl::NudgeForInitialDownload] Initial download nudge for WebAuthn Credentials
2025-10-31 04:32:10.847: [INFO][SyncManagerImpl::NudgeForInitialDownload] Initial download nudge for Collection
2025-10-31 04:32:10.847: [INFO][SyncManagerImpl::NudgeForInitialDownload] Initial download nudge for Edge E Drop
2025-10-31 04:32:10.847: [INFO][SyncManagerImpl::NudgeForInitialDownload] Initial download nudge for Edge Hub App Usage
2025-10-31 04:32:10.847: [INFO][SyncManagerImpl::NudgeForInitialDownload] Initial download nudge for Edge Wallet
2025-10-31 04:32:10.847: [INFO][SyncManagerImpl::ConfigureSyncer] Types to download:  with reason: 3
2025-10-31 04:32:10.847: [INFO][SyncEngineBackend::DoFinishConfigureDataTypes] Failed to download types:  and succeeded types: 
2025-10-31 04:32:10.850: [INFO][Sync] ConfigurationDone, failed: , succeeded: , remaining count: 4
2025-10-31 04:32:10.850: [WARN][Sync]     Reconfigure requested while configuration ongoing.
2025-10-31 04:32:10.850: [INFO][Sync] Configuring for: Bookmarks, Preferences, Passwords, Autofill Profiles, Autofill, Extensions, Sessions, Extension settings, History Delete Directives, Device Info, User Consents, Send Tab To Self, Web Apps, History, Saved Tab Group, WebAuthn Credentials, Collection, Edge E Drop, Edge Hub App Usage, Edge Wallet, Encryption Keys, reason: 5, current state: 2
2025-10-31 04:32:10.850: [INFO][Sync] Configure, desired: Bookmarks, Preferences, Passwords, Autofill Profiles, Autofill, Extensions, Sessions, Extension settings, History Delete Directives, Device Info, User Consents, Send Tab To Self, Web Apps, History, Saved Tab Group, WebAuthn Credentials, Collection, Edge E Drop, Edge Hub App Usage, Edge Wallet, Encryption Keys; Allow fail: 
2025-10-31 04:32:10.850: [INFO][Sync] Loading: Passwords
2025-10-31 04:32:10.850: [INFO][Sync] Loading: Autofill Profiles
2025-10-31 04:32:10.850: [INFO][Sync] Loading: Autofill
2025-10-31 04:32:10.850: [INFO][Sync] All data types are ready for configure.
2025-10-31 04:32:10.850: [INFO][SyncManagerImpl::NudgeForInitialDownload] Initial download nudge for Passwords
2025-10-31 04:32:10.851: [INFO][SyncManagerImpl::NudgeForInitialDownload] Initial download nudge for Autofill Profiles
2025-10-31 04:32:10.851: [INFO][SyncManagerImpl::NudgeForInitialDownload] Initial download nudge for Autofill
2025-10-31 04:32:10.851: [INFO][SyncManagerImpl::ConfigureSyncer] Types to download:  with reason: 5
2025-10-31 04:32:10.851: [INFO][SyncEngineBackend::DoFinishConfigureDataTypes] Failed to download types:  and succeeded types: 
2025-10-31 04:32:10.851: [INFO][Sync] ConfigurationDone, failed: , succeeded: , remaining count: 4
2025-10-31 04:32:10.851: [INFO][Sync] Prepare to configure types: Preferences, Passwords, Device Info, Send Tab To Self, Edge E Drop, Encryption Keys
2025-10-31 04:32:10.851: [INFO][SyncManagerImpl::ConfigureSyncer] Types to download: Preferences, Passwords, Device Info, Send Tab To Self, Edge E Drop, Encryption Keys with reason: 5
2025-10-31 04:32:10.851: [INFO][SyncSchedulerImpl::DoConfigurationSyncCycleJob] Blocked types:  and types to download: Preferences, Passwords, Device Info, Send Tab To Self, Edge E Drop, Encryption Keys
2025-10-31 04:32:11.117: [INFO][SyncEngineBackend::DoFinishConfigureDataTypes] Failed to download types:  and succeeded types: Preferences, Passwords, Device Info, Send Tab To Self, Edge E Drop, Encryption Keys
2025-10-31 04:32:11.119: [INFO][Sync] ConfigurationDone, failed: , succeeded: Preferences, Passwords, Device Info, Send Tab To Self, Edge E Drop, Encryption Keys, remaining count: 3
2025-10-31 04:32:11.119: [INFO][Sync] Prepare to configure types: Bookmarks, Encryption Keys
2025-10-31 04:32:11.120: [INFO][SyncManagerImpl::ConfigureSyncer] Types to download: Bookmarks, Encryption Keys with reason: 5
2025-10-31 04:32:11.120: [INFO][SyncSchedulerImpl::DoConfigurationSyncCycleJob] Blocked types:  and types to download: Bookmarks, Encryption Keys
2025-10-31 04:32:11.276: [INFO][SyncEngineBackend::DoFinishConfigureDataTypes] Failed to download types:  and succeeded types: Bookmarks, Encryption Keys
2025-10-31 04:32:11.277: [INFO][Sync] ConfigurationDone, failed: , succeeded: Bookmarks, Encryption Keys, remaining count: 2
2025-10-31 04:32:11.277: [INFO][Sync] Prepare to configure types: Autofill Profiles, Autofill, Extensions, Sessions, Extension settings, History Delete Directives, Web Apps, Saved Tab Group, WebAuthn Credentials, Collection, Edge Hub App Usage, Edge Wallet, Encryption Keys
2025-10-31 04:32:11.277: [INFO][SyncManagerImpl::ConfigureSyncer] Types to download: Autofill Profiles, Autofill, Extensions, Sessions, Extension settings, History Delete Directives, Web Apps, Saved Tab Group, WebAuthn Credentials, Collection, Edge Hub App Usage, Edge Wallet, Encryption Keys with reason: 5
2025-10-31 04:32:11.277: [INFO][SyncSchedulerImpl::DoConfigurationSyncCycleJob] Blocked types:  and types to download: Autofill Profiles, Autofill, Extensions, Sessions, Extension settings, History Delete Directives, Web Apps, Saved Tab Group, WebAuthn Credentials, Collection, Edge Hub App Usage, Edge Wallet, Encryption Keys
2025-10-31 04:32:11.489: [INFO][SyncEngineBackend::DoFinishConfigureDataTypes] Failed to download types:  and succeeded types: Autofill Profiles, Autofill, Extensions, Sessions, Extension settings, History Delete Directives, Web Apps, Saved Tab Group, WebAuthn Credentials, Collection, Edge Hub App Usage, Edge Wallet, Encryption Keys
2025-10-31 04:32:11.505: [INFO][Sync] ConfigurationDone, failed: , succeeded: Autofill Profiles, Autofill, Extensions, Sessions, Extension settings, History Delete Directives, Web Apps, Saved Tab Group, WebAuthn Credentials, Collection, Edge Hub App Usage, Edge Wallet, Encryption Keys, remaining count: 1
2025-10-31 04:32:11.508: [INFO][Sync] Prepare to configure types: History, Encryption Keys
2025-10-31 04:32:11.509: [INFO][SyncManagerImpl::ConfigureSyncer] Types to download: History, Encryption Keys with reason: 5
2025-10-31 04:32:11.509: [INFO][SyncSchedulerImpl::DoConfigurationSyncCycleJob] Blocked types:  and types to download: History, Encryption Keys
2025-10-31 04:32:11.725: [INFO][SyncEngineBackend::DoFinishConfigureDataTypes] Failed to download types:  and succeeded types: History, Encryption Keys
2025-10-31 04:32:11.729: [INFO][Sync] ConfigurationDone, failed: , succeeded: History, Encryption Keys, remaining count: 0
2025-10-31 04:32:11.732: [INFO][Sync]     Configuration completed, state: 7
2025-10-31 04:32:11.732: [INFO][Sync] Configured DataTypeManager: Ok
2025-10-31 04:32:11.737: [INFO][SyncEngineBackend::DoStartSyncing] Start syncing
2025-10-31 04:36:15.698: [INFO][Sync] Reset engine, reason: 0
2025-10-31 04:36:15.698: [INFO][Sync] Reset engine with reason: 0
2025-10-31 14:45:31.552: [INFO][Sync] SyncState after authenticated was: FeatureCanStart
2025-10-31 14:45:32.774: [INFO][SyncAuthManager::SetLastAuthError] Current auth error: None
2025-10-31 14:45:32.774: [INFO][SyncAuthManager::EdgeLogTokenErrorState] Token error with: None for account type: MSA
2025-10-31 14:45:32.774: [INFO][Sync] Credentials changed for: EdgeSyncKeyDataScope
2025-10-31 14:45:40.757: [INFO][Sync] Try to start sync engine
2025-10-31 14:45:40.758: [INFO][SyncManagerImpl::NudgeForInitialDownload] Initial download nudge for Encryption Keys
2025-10-31 14:45:40.758: [INFO][SyncEngineBackend::LoadAndConnectNigoriController] Load and connect Nigori controller
2025-10-31 14:45:40.758: [INFO][SyncEngineBackend::DoInitialize] Control Types added: Encryption Keys
2025-10-31 14:45:40.758: [INFO][SyncManagerImpl::ConfigureSyncer] Types to download: Encryption Keys with reason: 3
2025-10-31 14:45:40.758: [INFO][SyncEngineBackend::DoUpdateKeyDataCredentials] Update key data credentials
2025-10-31 14:45:40.758: [INFO][SyncSchedulerImpl::DoConfigurationSyncCycleJob] Configure job was blocked
2025-10-31 14:45:41.011: [INFO][SyncAuthManager::SetLastAuthError] Current auth error: None
2025-10-31 14:45:41.011: [INFO][SyncAuthManager::EdgeLogTokenErrorState] Token error with: None for account type: MSA
2025-10-31 14:45:41.011: [INFO][Sync] Credentials changed for: EdgeSyncScopeNew
2025-10-31 14:45:41.011: [INFO][SyncEngineBackend::DoUpdateCredentials] Update credentials
2025-10-31 14:45:41.011: [INFO][SyncEngineBackend::DoUpdateKeyDataCredentials] Update key data credentials
2025-10-31 14:45:41.011: [INFO][SyncSchedulerImpl::DoConfigurationSyncCycleJob] Blocked types:  and types to download: Encryption Keys
2025-10-31 14:45:41.536: [INFO][Sync] Started DataTypeManager configuration, reason: 4
2025-10-31 14:45:41.536: [INFO][Sync] Configuring for: Bookmarks, Preferences, Passwords, Autofill Profiles, Autofill, Extensions, Sessions, Extension settings, History Delete Directives, Device Info, User Consents, Send Tab To Self, Web Apps, History, Saved Tab Group, WebAuthn Credentials, Collection, Edge E Drop, Edge Hub App Usage, Edge Wallet, Encryption Keys, reason: 4, current state: 0
2025-10-31 14:45:41.536: [WARN][Sync] Crypto error data types: Passwords, Autofill Profiles, Autofill
2025-10-31 14:45:41.538: [INFO][Sync] Configure, desired: Bookmarks, Preferences, Extensions, Sessions, Extension settings, History Delete Directives, Device Info, User Consents, Send Tab To Self, Web Apps, History, Saved Tab Group, WebAuthn Credentials, Collection, Edge E Drop, Edge Hub App Usage, Edge Wallet, Encryption Keys; Allow fail: Passwords, Autofill Profiles, Autofill
2025-10-31 14:45:41.538: [INFO][Sync] Loading: Bookmarks
2025-10-31 14:45:41.538: [INFO][Sync] Loading: Preferences
2025-10-31 14:45:41.538: [INFO][Sync] Loading: Extensions
2025-10-31 14:45:41.538: [INFO][Sync] Loading: Sessions
2025-10-31 14:45:41.538: [INFO][Sync] Loading: Extension settings
2025-10-31 14:45:41.538: [INFO][Sync] Loading: History Delete Directives
2025-10-31 14:45:41.538: [INFO][Sync] Loading: Device Info
2025-10-31 14:45:41.538: [INFO][Sync] Loading: User Consents
2025-10-31 14:45:41.538: [INFO][Sync] Loading: Send Tab To Self
2025-10-31 14:45:41.538: [INFO][Sync] Loading: Web Apps
2025-10-31 14:45:41.538: [INFO][Sync] Loading: History
2025-10-31 14:45:41.538: [INFO][Sync] Loading: Saved Tab Group
2025-10-31 14:45:41.538: [INFO][Sync] Loading: WebAuthn Credentials
2025-10-31 14:45:41.538: [INFO][Sync] Loading: Collection
2025-10-31 14:45:41.538: [INFO][Sync] Loading: Edge E Drop
2025-10-31 14:45:41.538: [INFO][Sync] Loading: Edge Hub App Usage
2025-10-31 14:45:41.538: [INFO][Sync] Loading: Edge Wallet
2025-10-31 14:45:41.542: [INFO][Sync] All data types are ready for configure.
2025-10-31 14:45:42.007: [INFO][Sync] Started DataTypeManager configuration, reason: 5
2025-10-31 14:45:42.007: [INFO][Sync] Configuring for: Bookmarks, Preferences, Passwords, Autofill Profiles, Autofill, Extensions, Sessions, Extension settings, History Delete Directives, Device Info, User Consents, Send Tab To Self, Web Apps, History, Saved Tab Group, WebAuthn Credentials, Collection, Edge E Drop, Edge Hub App Usage, Edge Wallet, Encryption Keys, reason: 5, current state: 1
2025-10-31 14:45:42.022: [INFO][SyncEngineBackend::DoStartConfiguration] Start configuration
2025-10-31 14:45:42.023: [INFO][SyncManagerImpl::ConfigureSyncer] Types to download:  with reason: 4
2025-10-31 14:45:42.023: [INFO][SyncEngineBackend::DoFinishConfigureDataTypes] Failed to download types:  and succeeded types: 
2025-10-31 14:45:42.032: [INFO][Sync] ConfigurationDone, failed: , succeeded: , remaining count: 4
2025-10-31 14:45:42.032: [WARN][Sync]     Reconfigure requested while configuration ongoing.
2025-10-31 14:45:42.032: [INFO][Sync] Configuring for: Bookmarks, Preferences, Passwords, Autofill Profiles, Autofill, Extensions, Sessions, Extension settings, History Delete Directives, Device Info, User Consents, Send Tab To Self, Web Apps, History, Saved Tab Group, WebAuthn Credentials, Collection, Edge E Drop, Edge Hub App Usage, Edge Wallet, Encryption Keys, reason: 5, current state: 2
2025-10-31 14:45:42.032: [INFO][Sync] Configure, desired: Bookmarks, Preferences, Passwords, Autofill Profiles, Autofill, Extensions, Sessions, Extension settings, History Delete Directives, Device Info, User Consents, Send Tab To Self, Web Apps, History, Saved Tab Group, WebAuthn Credentials, Collection, Edge E Drop, Edge Hub App Usage, Edge Wallet, Encryption Keys; Allow fail: 
2025-10-31 14:45:42.032: [INFO][Sync] Loading: Passwords
2025-10-31 14:45:42.032: [INFO][Sync] Loading: Autofill Profiles
2025-10-31 14:45:42.032: [INFO][Sync] Loading: Autofill
2025-10-31 14:45:42.032: [INFO][Sync] All data types are ready for configure.
2025-10-31 14:45:42.032: [INFO][SyncManagerImpl::NudgeForInitialDownload] Initial download nudge for Passwords
2025-10-31 14:45:42.032: [INFO][SyncManagerImpl::ConfigureSyncer] Types to download:  with reason: 5
2025-10-31 14:45:42.032: [INFO][SyncEngineBackend::DoFinishConfigureDataTypes] Failed to download types:  and succeeded types: 
2025-10-31 14:45:42.033: [INFO][Sync] ConfigurationDone, failed: , succeeded: , remaining count: 4
2025-10-31 14:45:42.033: [INFO][Sync] Prepare to configure types: Passwords, Encryption Keys
2025-10-31 14:45:42.033: [INFO][SyncManagerImpl::ConfigureSyncer] Types to download: Passwords, Encryption Keys with reason: 5
2025-10-31 14:45:42.033: [INFO][SyncSchedulerImpl::DoConfigurationSyncCycleJob] Blocked types:  and types to download: Passwords, Encryption Keys
2025-10-31 14:45:42.219: [INFO][SyncEngineBackend::DoFinishConfigureDataTypes] Failed to download types:  and succeeded types: Passwords, Encryption Keys
2025-10-31 14:45:42.222: [INFO][Sync] ConfigurationDone, failed: , succeeded: Passwords, Encryption Keys, remaining count: 3
2025-10-31 14:45:42.222: [INFO][SyncManagerImpl::ConfigureSyncer] Types to download:  with reason: 5
2025-10-31 14:45:42.222: [INFO][SyncEngineBackend::DoFinishConfigureDataTypes] Failed to download types:  and succeeded types: 
2025-10-31 14:45:42.222: [INFO][Sync] ConfigurationDone, failed: , succeeded: , remaining count: 2
2025-10-31 14:45:42.222: [INFO][SyncManagerImpl::ConfigureSyncer] Types to download:  with reason: 5
2025-10-31 14:45:42.222: [INFO][SyncEngineBackend::DoFinishConfigureDataTypes] Failed to download types:  and succeeded types: 
2025-10-31 14:45:42.229: [INFO][Sync] ConfigurationDone, failed: , succeeded: , remaining count: 1
2025-10-31 14:45:42.230: [INFO][SyncManagerImpl::ConfigureSyncer] Types to download:  with reason: 5
2025-10-31 14:45:42.230: [INFO][SyncEngineBackend::DoFinishConfigureDataTypes] Failed to download types:  and succeeded types: 
2025-10-31 14:45:42.230: [INFO][Sync] ConfigurationDone, failed: , succeeded: , remaining count: 0
2025-10-31 14:45:42.233: [INFO][Sync]     Configuration completed, state: 7
2025-10-31 14:45:42.233: [INFO][Sync] Configured DataTypeManager: Ok
2025-10-31 14:45:42.236: [INFO][SyncEngineBackend::DoStartSyncing] Start syncing
2025-10-31 20:37:18.617: [INFO][Sync] Reset engine, reason: 0
2025-10-31 20:37:18.617: [INFO][Sync] Reset engine with reason: 0
2025-10-31 20:43:10.336: [INFO][Sync] SyncState after authenticated was: FeatureCanStart
2025-10-31 20:43:11.711: [INFO][SyncAuthManager::SetLastAuthError] Current auth error: None
2025-10-31 20:43:11.711: [INFO][SyncAuthManager::EdgeLogTokenErrorState] Token error with: None for account type: MSA
2025-10-31 20:43:11.711: [INFO][Sync] Credentials changed for: EdgeSyncKeyDataScope
2025-10-31 20:43:19.651: [INFO][Sync] Try to start sync engine
2025-10-31 20:43:19.652: [INFO][SyncManagerImpl::NudgeForInitialDownload] Initial download nudge for Encryption Keys
2025-10-31 20:43:19.652: [INFO][SyncEngineBackend::LoadAndConnectNigoriController] Load and connect Nigori controller
2025-10-31 20:43:19.652: [INFO][SyncEngineBackend::DoInitialize] Control Types added: Encryption Keys
2025-10-31 20:43:19.652: [INFO][SyncManagerImpl::ConfigureSyncer] Types to download: Encryption Keys with reason: 3
2025-10-31 20:43:19.652: [INFO][SyncEngineBackend::DoUpdateKeyDataCredentials] Update key data credentials
2025-10-31 20:43:19.652: [INFO][SyncSchedulerImpl::DoConfigurationSyncCycleJob] Configure job was blocked
2025-10-31 20:43:19.674: [INFO][SyncAuthManager::SetLastAuthError] Current auth error: None
2025-10-31 20:43:19.674: [INFO][SyncAuthManager::EdgeLogTokenErrorState] Token error with: None for account type: MSA
2025-10-31 20:43:19.674: [INFO][Sync] Credentials changed for: EdgeSyncScopeNew
2025-10-31 20:43:19.674: [INFO][SyncEngineBackend::DoUpdateCredentials] Update credentials
2025-10-31 20:43:19.674: [INFO][SyncEngineBackend::DoUpdateKeyDataCredentials] Update key data credentials
2025-10-31 20:43:19.674: [INFO][SyncSchedulerImpl::DoConfigurationSyncCycleJob] Blocked types:  and types to download: Encryption Keys
2025-10-31 20:43:19.979: [INFO][Sync] Started DataTypeManager configuration, reason: 4
2025-10-31 20:43:19.979: [INFO][Sync] Configuring for: Bookmarks, Preferences, Passwords, Autofill Profiles, Autofill, Extensions, Sessions, Extension settings, History Delete Directives, Device Info, User Consents, Send Tab To Self, Web Apps, History, Saved Tab Group, WebAuthn Credentials, Collection, Edge E Drop, Edge Hub App Usage, Edge Wallet, Encryption Keys, reason: 4, current state: 0
2025-10-31 20:43:19.979: [WARN][Sync] Crypto error data types: Passwords, Autofill Profiles, Autofill
2025-10-31 20:43:19.981: [INFO][Sync] Configure, desired: Bookmarks, Preferences, Extensions, Sessions, Extension settings, History Delete Directives, Device Info, User Consents, Send Tab To Self, Web Apps, History, Saved Tab Group, WebAuthn Credentials, Collection, Edge E Drop, Edge Hub App Usage, Edge Wallet, Encryption Keys; Allow fail: Passwords, Autofill Profiles, Autofill
2025-10-31 20:43:19.981: [INFO][Sync] Loading: Bookmarks
2025-10-31 20:43:19.981: [INFO][Sync] Loading: Preferences
2025-10-31 20:43:19.981: [INFO][Sync] Loading: Extensions
2025-10-31 20:43:19.981: [INFO][Sync] Loading: Sessions
2025-10-31 20:43:19.981: [INFO][Sync] Loading: Extension settings
2025-10-31 20:43:19.981: [INFO][Sync] Loading: History Delete Directives
2025-10-31 20:43:19.981: [INFO][Sync] Loading: Device Info
2025-10-31 20:43:19.981: [INFO][Sync] Loading: User Consents
2025-10-31 20:43:19.981: [INFO][Sync] Loading: Send Tab To Self
2025-10-31 20:43:19.981: [INFO][Sync] Loading: Web Apps
2025-10-31 20:43:19.981: [INFO][Sync] Loading: History
2025-10-31 20:43:19.981: [INFO][Sync] Loading: Saved Tab Group
2025-10-31 20:43:19.981: [INFO][Sync] Loading: WebAuthn Credentials
2025-10-31 20:43:19.981: [INFO][Sync] Loading: Collection
2025-10-31 20:43:19.981: [INFO][Sync] Loading: Edge E Drop
2025-10-31 20:43:19.981: [INFO][Sync] Loading: Edge Hub App Usage
2025-10-31 20:43:19.981: [INFO][Sync] Loading: Edge Wallet
2025-10-31 20:43:19.989: [INFO][Sync] All data types are ready for configure.
2025-10-31 20:43:20.311: [INFO][Sync] Started DataTypeManager configuration, reason: 5
2025-10-31 20:43:20.312: [INFO][Sync] Configuring for: Bookmarks, Preferences, Passwords, Autofill Profiles, Autofill, Extensions, Sessions, Extension settings, History Delete Directives, Device Info, User Consents, Send Tab To Self, Web Apps, History, Saved Tab Group, WebAuthn Credentials, Collection, Edge E Drop, Edge Hub App Usage, Edge Wallet, Encryption Keys, reason: 5, current state: 1
2025-10-31 20:43:20.324: [INFO][SyncEngineBackend::DoStartConfiguration] Start configuration
2025-10-31 20:43:20.324: [INFO][SyncManagerImpl::ConfigureSyncer] Types to download:  with reason: 4
2025-10-31 20:43:20.324: [INFO][SyncEngineBackend::DoFinishConfigureDataTypes] Failed to download types:  and succeeded types: 
2025-10-31 20:43:20.330: [INFO][Sync] ConfigurationDone, failed: , succeeded: , remaining count: 4
2025-10-31 20:43:20.330: [WARN][Sync]     Reconfigure requested while configuration ongoing.
2025-10-31 20:43:20.330: [INFO][Sync] Configuring for: Bookmarks, Preferences, Passwords, Autofill Profiles, Autofill, Extensions, Sessions, Extension settings, History Delete Directives, Device Info, User Consents, Send Tab To Self, Web Apps, History, Saved Tab Group, WebAuthn Credentials, Collection, Edge E Drop, Edge Hub App Usage, Edge Wallet, Encryption Keys, reason: 5, current state: 2
2025-10-31 20:43:20.330: [INFO][Sync] Configure, desired: Bookmarks, Preferences, Passwords, Autofill Profiles, Autofill, Extensions, Sessions, Extension settings, History Delete Directives, Device Info, User Consents, Send Tab To Self, Web Apps, History, Saved Tab Group, WebAuthn Credentials, Collection, Edge E Drop, Edge Hub App Usage, Edge Wallet, Encryption Keys; Allow fail: 
2025-10-31 20:43:20.330: [INFO][Sync] Loading: Passwords
2025-10-31 20:43:20.330: [INFO][Sync] Loading: Autofill Profiles
2025-10-31 20:43:20.330: [INFO][Sync] Loading: Autofill
2025-10-31 20:43:20.330: [INFO][Sync] All data types are ready for configure.
2025-10-31 20:43:20.330: [INFO][SyncManagerImpl::NudgeForInitialDownload] Initial download nudge for Passwords
2025-10-31 20:43:20.331: [INFO][SyncManagerImpl::ConfigureSyncer] Types to download:  with reason: 5
2025-10-31 20:43:20.331: [INFO][SyncEngineBackend::DoFinishConfigureDataTypes] Failed to download types:  and succeeded types: 
2025-10-31 20:43:20.331: [INFO][Sync] ConfigurationDone, failed: , succeeded: , remaining count: 4
2025-10-31 20:43:20.331: [INFO][Sync] Prepare to configure types: Passwords, Encryption Keys
2025-10-31 20:43:20.331: [INFO][SyncManagerImpl::ConfigureSyncer] Types to download: Passwords, Encryption Keys with reason: 5
2025-10-31 20:43:20.331: [INFO][SyncSchedulerImpl::DoConfigurationSyncCycleJob] Blocked types:  and types to download: Passwords, Encryption Keys
2025-10-31 20:43:20.525: [INFO][SyncEngineBackend::DoFinishConfigureDataTypes] Failed to download types:  and succeeded types: Passwords, Encryption Keys
2025-10-31 20:43:20.527: [INFO][Sync] ConfigurationDone, failed: , succeeded: Passwords, Encryption Keys, remaining count: 3
2025-10-31 20:43:20.527: [INFO][SyncManagerImpl::ConfigureSyncer] Types to download:  with reason: 5
2025-10-31 20:43:20.527: [INFO][SyncEngineBackend::DoFinishConfigureDataTypes] Failed to download types:  and succeeded types: 
2025-10-31 20:43:20.527: [INFO][Sync] ConfigurationDone, failed: , succeeded: , remaining count: 2
2025-10-31 20:43:20.527: [INFO][SyncManagerImpl::ConfigureSyncer] Types to download:  with reason: 5
2025-10-31 20:43:20.527: [INFO][SyncEngineBackend::DoFinishConfigureDataTypes] Failed to download types:  and succeeded types: 
2025-10-31 20:43:20.532: [INFO][Sync] ConfigurationDone, failed: , succeeded: , remaining count: 1
2025-10-31 20:43:20.534: [INFO][SyncManagerImpl::ConfigureSyncer] Types to download:  with reason: 5
2025-10-31 20:43:20.534: [INFO][SyncEngineBackend::DoFinishConfigureDataTypes] Failed to download types:  and succeeded types: 
2025-10-31 20:43:20.534: [INFO][Sync] ConfigurationDone, failed: , succeeded: , remaining count: 0
2025-10-31 20:43:20.536: [INFO][Sync]     Configuration completed, state: 7
2025-10-31 20:43:20.537: [INFO][Sync] Configured DataTypeManager: Ok
2025-10-31 20:43:20.540: [INFO][SyncEngineBackend::DoStartSyncing] Start syncing
2025-10-31 20:43:43.047: [INFO][Sync] Reset engine, reason: 0
2025-10-31 20:43:43.047: [INFO][Sync] Reset engine with reason: 0
2025-10-31 21:14:23.004: [INFO][Sync] SyncState after authenticated was: FeatureCanStart
2025-10-31 21:14:24.190: [INFO][SyncAuthManager::SetLastAuthError] Current auth error: None
2025-10-31 21:14:24.190: [INFO][SyncAuthManager::EdgeLogTokenErrorState] Token error with: None for account type: MSA
2025-10-31 21:14:24.190: [INFO][Sync] Credentials changed for: EdgeSyncKeyDataScope
2025-10-31 21:14:33.126: [INFO][Sync] Try to start sync engine
2025-10-31 21:14:33.128: [INFO][SyncManagerImpl::NudgeForInitialDownload] Initial download nudge for Encryption Keys
2025-10-31 21:14:33.128: [INFO][SyncEngineBackend::LoadAndConnectNigoriController] Load and connect Nigori controller
2025-10-31 21:14:33.128: [INFO][SyncEngineBackend::DoInitialize] Control Types added: Encryption Keys
2025-10-31 21:14:33.128: [INFO][SyncManagerImpl::ConfigureSyncer] Types to download: Encryption Keys with reason: 3
2025-10-31 21:14:33.128: [INFO][SyncEngineBackend::DoUpdateKeyDataCredentials] Update key data credentials
2025-10-31 21:14:33.128: [INFO][SyncSchedulerImpl::DoConfigurationSyncCycleJob] Configure job was blocked
2025-10-31 21:14:33.159: [INFO][SyncAuthManager::SetLastAuthError] Current auth error: None
2025-10-31 21:14:33.160: [INFO][SyncAuthManager::EdgeLogTokenErrorState] Token error with: None for account type: MSA
2025-10-31 21:14:33.160: [INFO][Sync] Credentials changed for: EdgeSyncScopeNew
2025-10-31 21:14:33.160: [INFO][SyncEngineBackend::DoUpdateCredentials] Update credentials
2025-10-31 21:14:33.160: [INFO][SyncSchedulerImpl::DoConfigurationSyncCycleJob] Blocked types:  and types to download: Encryption Keys
2025-10-31 21:14:33.558: [INFO][SyncEngineBackend::DoUpdateKeyDataCredentials] Update key data credentials
2025-10-31 21:14:33.571: [INFO][Sync] Started DataTypeManager configuration, reason: 4
2025-10-31 21:14:33.571: [INFO][Sync] Configuring for: Bookmarks, Preferences, Passwords, Autofill Profiles, Autofill, Extensions, Sessions, Extension settings, History Delete Directives, Device Info, User Consents, Send Tab To Self, Web Apps, History, Saved Tab Group, WebAuthn Credentials, Collection, Edge E Drop, Edge Hub App Usage, Edge Wallet, Encryption Keys, reason: 4, current state: 0
2025-10-31 21:14:33.571: [WARN][Sync] Crypto error data types: Passwords, Autofill Profiles, Autofill
2025-10-31 21:14:33.573: [INFO][Sync] Configure, desired: Bookmarks, Preferences, Extensions, Sessions, Extension settings, History Delete Directives, Device Info, User Consents, Send Tab To Self, Web Apps, History, Saved Tab Group, WebAuthn Credentials, Collection, Edge E Drop, Edge Hub App Usage, Edge Wallet, Encryption Keys; Allow fail: Passwords, Autofill Profiles, Autofill
2025-10-31 21:14:33.573: [INFO][Sync] Loading: Bookmarks
2025-10-31 21:14:33.574: [INFO][Sync] Loading: Preferences
2025-10-31 21:14:33.574: [INFO][Sync] Loading: Extensions
2025-10-31 21:14:33.574: [INFO][Sync] Loading: Sessions
2025-10-31 21:14:33.574: [INFO][Sync] Loading: Extension settings
2025-10-31 21:14:33.574: [INFO][Sync] Loading: History Delete Directives
2025-10-31 21:14:33.574: [INFO][Sync] Loading: Device Info
2025-10-31 21:14:33.574: [INFO][Sync] Loading: User Consents
2025-10-31 21:14:33.574: [INFO][Sync] Loading: Send Tab To Self
2025-10-31 21:14:33.574: [INFO][Sync] Loading: Web Apps
2025-10-31 21:14:33.574: [INFO][Sync] Loading: History
2025-10-31 21:14:33.574: [INFO][Sync] Loading: Saved Tab Group
2025-10-31 21:14:33.574: [INFO][Sync] Loading: WebAuthn Credentials
2025-10-31 21:14:33.574: [INFO][Sync] Loading: Collection
2025-10-31 21:14:33.574: [INFO][Sync] Loading: Edge E Drop
2025-10-31 21:14:33.574: [INFO][Sync] Loading: Edge Hub App Usage
2025-10-31 21:14:33.574: [INFO][Sync] Loading: Edge Wallet
2025-10-31 21:14:33.584: [INFO][Sync] All data types are ready for configure.
2025-10-31 21:14:33.739: [INFO][Sync] Started DataTypeManager configuration, reason: 5
2025-10-31 21:14:33.739: [INFO][Sync] Configuring for: Bookmarks, Preferences, Passwords, Autofill Profiles, Autofill, Extensions, Sessions, Extension settings, History Delete Directives, Device Info, User Consents, Send Tab To Self, Web Apps, History, Saved Tab Group, WebAuthn Credentials, Collection, Edge E Drop, Edge Hub App Usage, Edge Wallet, Encryption Keys, reason: 5, current state: 1
2025-10-31 21:14:33.755: [INFO][SyncEngineBackend::DoStartConfiguration] Start configuration
2025-10-31 21:14:33.755: [INFO][SyncManagerImpl::ConfigureSyncer] Types to download:  with reason: 4
2025-10-31 21:14:33.755: [INFO][SyncEngineBackend::DoFinishConfigureDataTypes] Failed to download types:  and succeeded types: 
2025-10-31 21:14:33.755: [INFO][Sync] ConfigurationDone, failed: , succeeded: , remaining count: 4
2025-10-31 21:14:33.755: [WARN][Sync]     Reconfigure requested while configuration ongoing.
2025-10-31 21:14:33.755: [INFO][Sync] Configuring for: Bookmarks, Preferences, Passwords, Autofill Profiles, Autofill, Extensions, Sessions, Extension settings, History Delete Directives, Device Info, User Consents, Send Tab To Self, Web Apps, History, Saved Tab Group, WebAuthn Credentials, Collection, Edge E Drop, Edge Hub App Usage, Edge Wallet, Encryption Keys, reason: 5, current state: 2
2025-10-31 21:14:33.755: [INFO][Sync] Configure, desired: Bookmarks, Preferences, Passwords, Autofill Profiles, Autofill, Extensions, Sessions, Extension settings, History Delete Directives, Device Info, User Consents, Send Tab To Self, Web Apps, History, Saved Tab Group, WebAuthn Credentials, Collection, Edge E Drop, Edge Hub App Usage, Edge Wallet, Encryption Keys; Allow fail: 
2025-10-31 21:14:33.755: [INFO][Sync] Loading: Passwords
2025-10-31 21:14:33.755: [INFO][Sync] Loading: Autofill Profiles
2025-10-31 21:14:33.755: [INFO][Sync] Loading: Autofill
2025-10-31 21:14:33.755: [INFO][Sync] All data types are ready for configure.
2025-10-31 21:14:33.755: [INFO][SyncManagerImpl::NudgeForInitialDownload] Initial download nudge for Passwords
2025-10-31 21:14:33.755: [INFO][SyncManagerImpl::ConfigureSyncer] Types to download:  with reason: 5
2025-10-31 21:14:33.755: [INFO][SyncEngineBackend::DoFinishConfigureDataTypes] Failed to download types:  and succeeded types: 
2025-10-31 21:14:33.755: [INFO][Sync] ConfigurationDone, failed: , succeeded: , remaining count: 4
2025-10-31 21:14:33.755: [INFO][Sync] Prepare to configure types: Passwords, Encryption Keys
2025-10-31 21:14:33.755: [INFO][SyncManagerImpl::ConfigureSyncer] Types to download: Passwords, Encryption Keys with reason: 5
2025-10-31 21:14:33.755: [INFO][SyncSchedulerImpl::DoConfigurationSyncCycleJob] Blocked types:  and types to download: Passwords, Encryption Keys
2025-10-31 21:14:33.953: [INFO][SyncEngineBackend::DoFinishConfigureDataTypes] Failed to download types:  and succeeded types: Passwords, Encryption Keys
2025-10-31 21:14:33.955: [INFO][Sync] ConfigurationDone, failed: , succeeded: Passwords, Encryption Keys, remaining count: 3
2025-10-31 21:14:33.955: [INFO][SyncManagerImpl::ConfigureSyncer] Types to download:  with reason: 5
2025-10-31 21:14:33.955: [INFO][SyncEngineBackend::DoFinishConfigureDataTypes] Failed to download types:  and succeeded types: 
2025-10-31 21:14:33.955: [INFO][Sync] ConfigurationDone, failed: , succeeded: , remaining count: 2
2025-10-31 21:14:33.955: [INFO][SyncManagerImpl::ConfigureSyncer] Types to download:  with reason: 5
2025-10-31 21:14:33.955: [INFO][SyncEngineBackend::DoFinishConfigureDataTypes] Failed to download types:  and succeeded types: 
2025-10-31 21:14:33.965: [INFO][Sync] ConfigurationDone, failed: , succeeded: , remaining count: 1
2025-10-31 21:14:33.967: [INFO][SyncManagerImpl::ConfigureSyncer] Types to download:  with reason: 5
2025-10-31 21:14:33.967: [INFO][SyncEngineBackend::DoFinishConfigureDataTypes] Failed to download types:  and succeeded types: 
2025-10-31 21:14:33.967: [INFO][Sync] ConfigurationDone, failed: , succeeded: , remaining count: 0
2025-10-31 21:14:33.971: [INFO][Sync]     Configuration completed, state: 7
2025-10-31 21:14:33.971: [INFO][Sync] Configured DataTypeManager: Ok
2025-10-31 21:14:33.974: [INFO][SyncEngineBackend::DoStartSyncing] Start syncing
2025-10-31 21:40:10.769: [INFO][Sync] Reset engine, reason: 0
2025-10-31 21:40:10.769: [INFO][Sync] Reset engine with reason: 0
